{"/Users/mgad/code/Learning/GoLang/my-fullstack-trials/family/v5/frontend/src/api.ts": {"path":"/Users/mgad/code/Learning/GoLang/my-fullstack-trials/family/v5/frontend/src/api.ts","statementMap":{"0":{"start":{"line":4,"column":2},"end":{"line":8,"column":3}},"1":{"start":{"line":5,"column":4},"end":{"line":5,"column":71}},"2":{"start":{"line":7,"column":4},"end":{"line":7,"column":58}},"3":{"start":{"line":11,"column":16},"end":{"line":16,"column":2}},"4":{"start":{"line":18,"column":19},"end":{"line":25,"column":1}},"5":{"start":{"line":19,"column":2},"end":{"line":19,"column":21}},"6":{"start":{"line":20,"column":2},"end":{"line":23,"column":3}},"7":{"start":{"line":21,"column":4},"end":{"line":21,"column":53}},"8":{"start":{"line":22,"column":4},"end":{"line":22,"column":36}},"9":{"start":{"line":24,"column":2},"end":{"line":24,"column":12}},"10":{"start":{"line":31,"column":21},"end":{"line":31,"column":82}},"11":{"start":{"line":32,"column":4},"end":{"line":32,"column":25}},"12":{"start":{"line":36,"column":21},"end":{"line":36,"column":82}},"13":{"start":{"line":37,"column":4},"end":{"line":37,"column":25}},"14":{"start":{"line":43,"column":4},"end":{"line":43,"column":48}},"15":{"start":{"line":49,"column":4},"end":{"line":49,"column":89}},"16":{"start":{"line":53,"column":4},"end":{"line":53,"column":34}},"17":{"start":{"line":56,"column":4},"end":{"line":56,"column":39}},"18":{"start":{"line":61,"column":21},"end":{"line":61,"column":74}},"19":{"start":{"line":62,"column":4},"end":{"line":62,"column":54}},"20":{"start":{"line":63,"column":4},"end":{"line":63,"column":69}},"21":{"start":{"line":64,"column":4},"end":{"line":64,"column":25}},"22":{"start":{"line":67,"column":21},"end":{"line":67,"column":55}},"23":{"start":{"line":68,"column":4},"end":{"line":68,"column":54}},"24":{"start":{"line":69,"column":4},"end":{"line":69,"column":69}},"25":{"start":{"line":70,"column":4},"end":{"line":70,"column":46}},"26":{"start":{"line":71,"column":4},"end":{"line":71,"column":25}},"27":{"start":{"line":74,"column":4},"end":{"line":74,"column":36}},"28":{"start":{"line":75,"column":4},"end":{"line":75,"column":37}},"29":{"start":{"line":82,"column":4},"end":{"line":82,"column":39}},"30":{"start":{"line":85,"column":4},"end":{"line":85,"column":45}},"31":{"start":{"line":89,"column":4},"end":{"line":89,"column":48}},"32":{"start":{"line":92,"column":4},"end":{"line":92,"column":51}},"33":{"start":{"line":95,"column":4},"end":{"line":95,"column":58}},"34":{"start":{"line":101,"column":4},"end":{"line":101,"column":43}},"35":{"start":{"line":105,"column":4},"end":{"line":105,"column":68}},"36":{"start":{"line":109,"column":4},"end":{"line":109,"column":62}},"37":{"start":{"line":112,"column":4},"end":{"line":112,"column":54}},"38":{"start":{"line":115,"column":4},"end":{"line":115,"column":57}},"39":{"start":{"line":118,"column":4},"end":{"line":118,"column":52}},"40":{"start":{"line":124,"column":4},"end":{"line":124,"column":40}},"41":{"start":{"line":128,"column":4},"end":{"line":128,"column":62}},"42":{"start":{"line":132,"column":4},"end":{"line":132,"column":66}},"43":{"start":{"line":135,"column":4},"end":{"line":135,"column":63}},"44":{"start":{"line":142,"column":4},"end":{"line":142,"column":39}},"45":{"start":{"line":146,"column":4},"end":{"line":146,"column":61}},"46":{"start":{"line":150,"column":4},"end":{"line":150,"column":65}},"47":{"start":{"line":153,"column":4},"end":{"line":153,"column":62}},"48":{"start":{"line":159,"column":4},"end":{"line":159,"column":42}},"49":{"start":{"line":163,"column":4},"end":{"line":163,"column":66}},"50":{"start":{"line":167,"column":4},"end":{"line":167,"column":68}},"51":{"start":{"line":170,"column":4},"end":{"line":170,"column":65}}},"fnMap":{"0":{"name":"setAuthorizationToken","decl":{"start":{"line":3,"column":16},"end":{"line":3,"column":37}},"loc":{"start":{"line":3,"column":50},"end":{"line":9,"column":1}},"line":3},"1":{"name":"(anonymous_1)","decl":{"start":{"line":18,"column":19},"end":{"line":18,"column":20}},"loc":{"start":{"line":18,"column":33},"end":{"line":25,"column":1}},"line":18},"2":{"name":"(anonymous_2)","decl":{"start":{"line":30,"column":2},"end":{"line":30,"column":3}},"loc":{"start":{"line":30,"column":19},"end":{"line":33,"column":3}},"line":30},"3":{"name":"(anonymous_3)","decl":{"start":{"line":35,"column":2},"end":{"line":35,"column":3}},"loc":{"start":{"line":35,"column":19},"end":{"line":38,"column":3}},"line":35},"4":{"name":"(anonymous_4)","decl":{"start":{"line":42,"column":2},"end":{"line":42,"column":3}},"loc":{"start":{"line":42,"column":15},"end":{"line":44,"column":3}},"line":42},"5":{"name":"(anonymous_5)","decl":{"start":{"line":48,"column":2},"end":{"line":48,"column":3}},"loc":{"start":{"line":48,"column":24},"end":{"line":50,"column":3}},"line":48},"6":{"name":"(anonymous_6)","decl":{"start":{"line":52,"column":2},"end":{"line":52,"column":3}},"loc":{"start":{"line":52,"column":23},"end":{"line":54,"column":3}},"line":52},"7":{"name":"(anonymous_7)","decl":{"start":{"line":55,"column":2},"end":{"line":55,"column":3}},"loc":{"start":{"line":55,"column":18},"end":{"line":57,"column":3}},"line":55},"8":{"name":"(anonymous_8)","decl":{"start":{"line":60,"column":2},"end":{"line":60,"column":3}},"loc":{"start":{"line":60,"column":26},"end":{"line":65,"column":3}},"line":60},"9":{"name":"(anonymous_9)","decl":{"start":{"line":66,"column":2},"end":{"line":66,"column":3}},"loc":{"start":{"line":66,"column":25},"end":{"line":72,"column":3}},"line":66},"10":{"name":"(anonymous_10)","decl":{"start":{"line":73,"column":2},"end":{"line":73,"column":3}},"loc":{"start":{"line":73,"column":17},"end":{"line":77,"column":3}},"line":73},"11":{"name":"(anonymous_11)","decl":{"start":{"line":81,"column":2},"end":{"line":81,"column":3}},"loc":{"start":{"line":81,"column":22},"end":{"line":83,"column":3}},"line":81},"12":{"name":"(anonymous_12)","decl":{"start":{"line":84,"column":2},"end":{"line":84,"column":3}},"loc":{"start":{"line":84,"column":28},"end":{"line":86,"column":3}},"line":84},"13":{"name":"(anonymous_13)","decl":{"start":{"line":88,"column":2},"end":{"line":88,"column":3}},"loc":{"start":{"line":88,"column":31},"end":{"line":90,"column":3}},"line":88},"14":{"name":"(anonymous_14)","decl":{"start":{"line":91,"column":2},"end":{"line":91,"column":3}},"loc":{"start":{"line":91,"column":42},"end":{"line":93,"column":3}},"line":91},"15":{"name":"(anonymous_15)","decl":{"start":{"line":94,"column":2},"end":{"line":94,"column":3}},"loc":{"start":{"line":94,"column":47},"end":{"line":96,"column":3}},"line":94},"16":{"name":"(anonymous_16)","decl":{"start":{"line":100,"column":2},"end":{"line":100,"column":3}},"loc":{"start":{"line":100,"column":23},"end":{"line":102,"column":3}},"line":100},"17":{"name":"(anonymous_17)","decl":{"start":{"line":104,"column":2},"end":{"line":104,"column":3}},"loc":{"start":{"line":104,"column":35},"end":{"line":106,"column":3}},"line":104},"18":{"name":"(anonymous_18)","decl":{"start":{"line":108,"column":2},"end":{"line":108,"column":3}},"loc":{"start":{"line":108,"column":52},"end":{"line":110,"column":3}},"line":108},"19":{"name":"(anonymous_19)","decl":{"start":{"line":111,"column":2},"end":{"line":111,"column":3}},"loc":{"start":{"line":111,"column":37},"end":{"line":113,"column":3}},"line":111},"20":{"name":"(anonymous_20)","decl":{"start":{"line":114,"column":2},"end":{"line":114,"column":3}},"loc":{"start":{"line":114,"column":38},"end":{"line":116,"column":3}},"line":114},"21":{"name":"(anonymous_21)","decl":{"start":{"line":117,"column":2},"end":{"line":117,"column":3}},"loc":{"start":{"line":117,"column":36},"end":{"line":119,"column":3}},"line":117},"22":{"name":"(anonymous_22)","decl":{"start":{"line":123,"column":2},"end":{"line":123,"column":3}},"loc":{"start":{"line":123,"column":23},"end":{"line":125,"column":3}},"line":123},"23":{"name":"(anonymous_23)","decl":{"start":{"line":127,"column":2},"end":{"line":127,"column":3}},"loc":{"start":{"line":127,"column":29},"end":{"line":129,"column":3}},"line":127},"24":{"name":"(anonymous_24)","decl":{"start":{"line":131,"column":2},"end":{"line":131,"column":3}},"loc":{"start":{"line":131,"column":32},"end":{"line":133,"column":3}},"line":131},"25":{"name":"(anonymous_25)","decl":{"start":{"line":134,"column":2},"end":{"line":134,"column":3}},"loc":{"start":{"line":134,"column":48},"end":{"line":136,"column":3}},"line":134},"26":{"name":"(anonymous_26)","decl":{"start":{"line":141,"column":2},"end":{"line":141,"column":3}},"loc":{"start":{"line":141,"column":22},"end":{"line":143,"column":3}},"line":141},"27":{"name":"(anonymous_27)","decl":{"start":{"line":145,"column":2},"end":{"line":145,"column":3}},"loc":{"start":{"line":145,"column":28},"end":{"line":147,"column":3}},"line":145},"28":{"name":"(anonymous_28)","decl":{"start":{"line":149,"column":2},"end":{"line":149,"column":3}},"loc":{"start":{"line":149,"column":31},"end":{"line":151,"column":3}},"line":149},"29":{"name":"(anonymous_29)","decl":{"start":{"line":152,"column":2},"end":{"line":152,"column":3}},"loc":{"start":{"line":152,"column":47},"end":{"line":154,"column":3}},"line":152},"30":{"name":"(anonymous_30)","decl":{"start":{"line":158,"column":2},"end":{"line":158,"column":3}},"loc":{"start":{"line":158,"column":25},"end":{"line":160,"column":3}},"line":158},"31":{"name":"(anonymous_31)","decl":{"start":{"line":162,"column":2},"end":{"line":162,"column":3}},"loc":{"start":{"line":162,"column":33},"end":{"line":164,"column":3}},"line":162},"32":{"name":"(anonymous_32)","decl":{"start":{"line":166,"column":2},"end":{"line":166,"column":3}},"loc":{"start":{"line":166,"column":34},"end":{"line":168,"column":3}},"line":166},"33":{"name":"(anonymous_33)","decl":{"start":{"line":169,"column":2},"end":{"line":169,"column":3}},"loc":{"start":{"line":169,"column":50},"end":{"line":171,"column":3}},"line":169}},"branchMap":{"0":{"loc":{"start":{"line":4,"column":2},"end":{"line":8,"column":3}},"type":"if","locations":[{"start":{"line":4,"column":2},"end":{"line":8,"column":3}},{"start":{"line":4,"column":2},"end":{"line":8,"column":3}}],"line":4},"1":{"loc":{"start":{"line":12,"column":11},"end":{"line":12,"column":87}},"type":"cond-expr","locations":[{"start":{"line":12,"column":51},"end":{"line":12,"column":57}},{"start":{"line":12,"column":60},"end":{"line":12,"column":87}}],"line":12},"2":{"loc":{"start":{"line":15,"column":28},"end":{"line":15,"column":84}},"type":"cond-expr","locations":[{"start":{"line":15,"column":49},"end":{"line":15,"column":79}},{"start":{"line":15,"column":82},"end":{"line":15,"column":84}}],"line":15},"3":{"loc":{"start":{"line":20,"column":2},"end":{"line":23,"column":3}},"type":"if","locations":[{"start":{"line":20,"column":2},"end":{"line":23,"column":3}},{"start":{"line":20,"column":2},"end":{"line":23,"column":3}}],"line":20},"4":{"loc":{"start":{"line":20,"column":6},"end":{"line":20,"column":39}},"type":"binary-expr","locations":[{"start":{"line":20,"column":6},"end":{"line":20,"column":18}},{"start":{"line":20,"column":22},"end":{"line":20,"column":39}}],"line":20},"5":{"loc":{"start":{"line":49,"column":11},"end":{"line":49,"column":88}},"type":"cond-expr","locations":[{"start":{"line":49,"column":42},"end":{"line":49,"column":83}},{"start":{"line":49,"column":86},"end":{"line":49,"column":88}}],"line":49}},"s":{"0":0,"1":0,"2":0,"3":1,"4":1,"5":0,"6":0,"7":0,"8":0,"9":0,"10":0,"11":0,"12":0,"13":0,"14":0,"15":0,"16":0,"17":0,"18":0,"19":0,"20":0,"21":0,"22":0,"23":0,"24":0,"25":0,"26":0,"27":0,"28":0,"29":0,"30":0,"31":0,"32":0,"33":0,"34":0,"35":0,"36":0,"37":0,"38":0,"39":0,"40":0,"41":0,"42":0,"43":0,"44":0,"45":0,"46":0,"47":0,"48":0,"49":0,"50":0,"51":0},"f":{"0":0,"1":0,"2":0,"3":0,"4":0,"5":0,"6":0,"7":0,"8":0,"9":0,"10":0,"11":0,"12":0,"13":0,"14":0,"15":0,"16":0,"17":0,"18":0,"19":0,"20":0,"21":0,"22":0,"23":0,"24":0,"25":0,"26":0,"27":0,"28":0,"29":0,"30":0,"31":0,"32":0,"33":0},"b":{"0":[0,0],"1":[0,1],"2":[0,1],"3":[0,0],"4":[0,0],"5":[0,0]},"_coverageSchema":"43e27e138ebf9cfc5966b082cf9a028302ed4184","hash":"e7ef14ed6a4819c85f8d8dafd8078822218346bc"}
,"/Users/mgad/code/Learning/GoLang/my-fullstack-trials/family/v5/frontend/src/history.ts": {"path":"/Users/mgad/code/Learning/GoLang/my-fullstack-trials/family/v5/frontend/src/history.ts","statementMap":{"0":{"start":{"line":3,"column":23},"end":{"line":3,"column":45}}},"fnMap":{},"branchMap":{},"s":{"0":0},"f":{},"b":{},"hash":"710f660298ee3d21e80f68d1ecb2b940bcb3896e"}
,"/Users/mgad/code/Learning/GoLang/my-fullstack-trials/family/v5/frontend/src/index.tsx": {"path":"/Users/mgad/code/Learning/GoLang/my-fullstack-trials/family/v5/frontend/src/index.tsx","statementMap":{"0":{"start":{"line":9,"column":0},"end":{"line":14,"column":2}},"1":{"start":{"line":19,"column":0},"end":{"line":19,"column":27}}},"fnMap":{},"branchMap":{},"s":{"0":0,"1":0},"f":{},"b":{},"hash":"af5da0ce620057a6af620ff9050742c49ffa4477"}
,"/Users/mgad/code/Learning/GoLang/my-fullstack-trials/family/v5/frontend/src/serviceWorker.ts": {"path":"/Users/mgad/code/Learning/GoLang/my-fullstack-trials/family/v5/frontend/src/serviceWorker.ts","statementMap":{"0":{"start":{"line":13,"column":20},"end":{"line":21,"column":1}},"1":{"start":{"line":29,"column":2},"end":{"line":62,"column":3}},"2":{"start":{"line":31,"column":22},"end":{"line":34,"column":5}},"3":{"start":{"line":35,"column":4},"end":{"line":40,"column":5}},"4":{"start":{"line":39,"column":6},"end":{"line":39,"column":13}},"5":{"start":{"line":42,"column":4},"end":{"line":61,"column":7}},"6":{"start":{"line":43,"column":20},"end":{"line":43,"column":65}},"7":{"start":{"line":45,"column":6},"end":{"line":60,"column":7}},"8":{"start":{"line":47,"column":8},"end":{"line":47,"column":47}},"9":{"start":{"line":51,"column":8},"end":{"line":56,"column":11}},"10":{"start":{"line":52,"column":10},"end":{"line":55,"column":12}},"11":{"start":{"line":59,"column":8},"end":{"line":59,"column":39}},"12":{"start":{"line":66,"column":2},"end":{"line":106,"column":7}},"13":{"start":{"line":69,"column":6},"end":{"line":102,"column":8}},"14":{"start":{"line":70,"column":33},"end":{"line":70,"column":56}},"15":{"start":{"line":71,"column":8},"end":{"line":73,"column":9}},"16":{"start":{"line":72,"column":10},"end":{"line":72,"column":17}},"17":{"start":{"line":74,"column":8},"end":{"line":101,"column":10}},"18":{"start":{"line":75,"column":10},"end":{"line":100,"column":11}},"19":{"start":{"line":76,"column":12},"end":{"line":99,"column":13}},"20":{"start":{"line":80,"column":14},"end":{"line":83,"column":16}},"21":{"start":{"line":86,"column":14},"end":{"line":88,"column":15}},"22":{"start":{"line":87,"column":16},"end":{"line":87,"column":46}},"23":{"start":{"line":93,"column":14},"end":{"line":93,"column":64}},"24":{"start":{"line":96,"column":14},"end":{"line":98,"column":15}},"25":{"start":{"line":97,"column":16},"end":{"line":97,"column":47}},"26":{"start":{"line":105,"column":6},"end":{"line":105,"column":72}},"27":{"start":{"line":111,"column":2},"end":{"line":136,"column":7}},"28":{"start":{"line":116,"column":26},"end":{"line":116,"column":62}},"29":{"start":{"line":117,"column":6},"end":{"line":130,"column":7}},"30":{"start":{"line":122,"column":8},"end":{"line":126,"column":11}},"31":{"start":{"line":123,"column":10},"end":{"line":125,"column":13}},"32":{"start":{"line":124,"column":12},"end":{"line":124,"column":37}},"33":{"start":{"line":129,"column":8},"end":{"line":129,"column":39}},"34":{"start":{"line":133,"column":6},"end":{"line":135,"column":8}},"35":{"start":{"line":140,"column":2},"end":{"line":148,"column":3}},"36":{"start":{"line":141,"column":4},"end":{"line":147,"column":9}},"37":{"start":{"line":143,"column":8},"end":{"line":143,"column":34}},"38":{"start":{"line":146,"column":8},"end":{"line":146,"column":37}}},"fnMap":{"0":{"name":"register","decl":{"start":{"line":28,"column":16},"end":{"line":28,"column":24}},"loc":{"start":{"line":28,"column":42},"end":{"line":63,"column":1}},"line":28},"1":{"name":"(anonymous_1)","decl":{"start":{"line":42,"column":36},"end":{"line":42,"column":37}},"loc":{"start":{"line":42,"column":42},"end":{"line":61,"column":5}},"line":42},"2":{"name":"(anonymous_2)","decl":{"start":{"line":51,"column":43},"end":{"line":51,"column":44}},"loc":{"start":{"line":51,"column":49},"end":{"line":56,"column":9}},"line":51},"3":{"name":"registerValidSW","decl":{"start":{"line":65,"column":9},"end":{"line":65,"column":24}},"loc":{"start":{"line":65,"column":57},"end":{"line":107,"column":1}},"line":65},"4":{"name":"(anonymous_4)","decl":{"start":{"line":68,"column":10},"end":{"line":68,"column":11}},"loc":{"start":{"line":68,"column":26},"end":{"line":103,"column":5}},"line":68},"5":{"name":"(anonymous_5)","decl":{"start":{"line":69,"column":35},"end":{"line":69,"column":36}},"loc":{"start":{"line":69,"column":41},"end":{"line":102,"column":7}},"line":69},"6":{"name":"(anonymous_6)","decl":{"start":{"line":74,"column":41},"end":{"line":74,"column":42}},"loc":{"start":{"line":74,"column":47},"end":{"line":101,"column":9}},"line":74},"7":{"name":"(anonymous_7)","decl":{"start":{"line":104,"column":11},"end":{"line":104,"column":12}},"loc":{"start":{"line":104,"column":20},"end":{"line":106,"column":5}},"line":104},"8":{"name":"checkValidServiceWorker","decl":{"start":{"line":109,"column":9},"end":{"line":109,"column":32}},"loc":{"start":{"line":109,"column":65},"end":{"line":137,"column":1}},"line":109},"9":{"name":"(anonymous_9)","decl":{"start":{"line":114,"column":10},"end":{"line":114,"column":11}},"loc":{"start":{"line":114,"column":22},"end":{"line":131,"column":5}},"line":114},"10":{"name":"(anonymous_10)","decl":{"start":{"line":122,"column":43},"end":{"line":122,"column":44}},"loc":{"start":{"line":122,"column":59},"end":{"line":126,"column":9}},"line":122},"11":{"name":"(anonymous_11)","decl":{"start":{"line":123,"column":41},"end":{"line":123,"column":42}},"loc":{"start":{"line":123,"column":47},"end":{"line":125,"column":11}},"line":123},"12":{"name":"(anonymous_12)","decl":{"start":{"line":132,"column":11},"end":{"line":132,"column":12}},"loc":{"start":{"line":132,"column":17},"end":{"line":136,"column":5}},"line":132},"13":{"name":"unregister","decl":{"start":{"line":139,"column":16},"end":{"line":139,"column":26}},"loc":{"start":{"line":139,"column":29},"end":{"line":149,"column":1}},"line":139},"14":{"name":"(anonymous_14)","decl":{"start":{"line":142,"column":12},"end":{"line":142,"column":13}},"loc":{"start":{"line":142,"column":28},"end":{"line":144,"column":7}},"line":142},"15":{"name":"(anonymous_15)","decl":{"start":{"line":145,"column":13},"end":{"line":145,"column":14}},"loc":{"start":{"line":145,"column":22},"end":{"line":147,"column":7}},"line":145}},"branchMap":{"0":{"loc":{"start":{"line":14,"column":2},"end":{"line":20,"column":5}},"type":"binary-expr","locations":[{"start":{"line":14,"column":2},"end":{"line":14,"column":42}},{"start":{"line":16,"column":4},"end":{"line":16,"column":40}},{"start":{"line":18,"column":4},"end":{"line":20,"column":5}}],"line":14},"1":{"loc":{"start":{"line":29,"column":2},"end":{"line":62,"column":3}},"type":"if","locations":[{"start":{"line":29,"column":2},"end":{"line":62,"column":3}},{"start":{"line":29,"column":2},"end":{"line":62,"column":3}}],"line":29},"2":{"loc":{"start":{"line":29,"column":6},"end":{"line":29,"column":75}},"type":"binary-expr","locations":[{"start":{"line":29,"column":6},"end":{"line":29,"column":43}},{"start":{"line":29,"column":47},"end":{"line":29,"column":75}}],"line":29},"3":{"loc":{"start":{"line":35,"column":4},"end":{"line":40,"column":5}},"type":"if","locations":[{"start":{"line":35,"column":4},"end":{"line":40,"column":5}},{"start":{"line":35,"column":4},"end":{"line":40,"column":5}}],"line":35},"4":{"loc":{"start":{"line":45,"column":6},"end":{"line":60,"column":7}},"type":"if","locations":[{"start":{"line":45,"column":6},"end":{"line":60,"column":7}},{"start":{"line":45,"column":6},"end":{"line":60,"column":7}}],"line":45},"5":{"loc":{"start":{"line":71,"column":8},"end":{"line":73,"column":9}},"type":"if","locations":[{"start":{"line":71,"column":8},"end":{"line":73,"column":9}},{"start":{"line":71,"column":8},"end":{"line":73,"column":9}}],"line":71},"6":{"loc":{"start":{"line":75,"column":10},"end":{"line":100,"column":11}},"type":"if","locations":[{"start":{"line":75,"column":10},"end":{"line":100,"column":11}},{"start":{"line":75,"column":10},"end":{"line":100,"column":11}}],"line":75},"7":{"loc":{"start":{"line":76,"column":12},"end":{"line":99,"column":13}},"type":"if","locations":[{"start":{"line":76,"column":12},"end":{"line":99,"column":13}},{"start":{"line":76,"column":12},"end":{"line":99,"column":13}}],"line":76},"8":{"loc":{"start":{"line":86,"column":14},"end":{"line":88,"column":15}},"type":"if","locations":[{"start":{"line":86,"column":14},"end":{"line":88,"column":15}},{"start":{"line":86,"column":14},"end":{"line":88,"column":15}}],"line":86},"9":{"loc":{"start":{"line":86,"column":18},"end":{"line":86,"column":43}},"type":"binary-expr","locations":[{"start":{"line":86,"column":18},"end":{"line":86,"column":24}},{"start":{"line":86,"column":28},"end":{"line":86,"column":43}}],"line":86},"10":{"loc":{"start":{"line":96,"column":14},"end":{"line":98,"column":15}},"type":"if","locations":[{"start":{"line":96,"column":14},"end":{"line":98,"column":15}},{"start":{"line":96,"column":14},"end":{"line":98,"column":15}}],"line":96},"11":{"loc":{"start":{"line":96,"column":18},"end":{"line":96,"column":44}},"type":"binary-expr","locations":[{"start":{"line":96,"column":18},"end":{"line":96,"column":24}},{"start":{"line":96,"column":28},"end":{"line":96,"column":44}}],"line":96},"12":{"loc":{"start":{"line":117,"column":6},"end":{"line":130,"column":7}},"type":"if","locations":[{"start":{"line":117,"column":6},"end":{"line":130,"column":7}},{"start":{"line":117,"column":6},"end":{"line":130,"column":7}}],"line":117},"13":{"loc":{"start":{"line":118,"column":8},"end":{"line":119,"column":73}},"type":"binary-expr","locations":[{"start":{"line":118,"column":8},"end":{"line":118,"column":31}},{"start":{"line":119,"column":9},"end":{"line":119,"column":28}},{"start":{"line":119,"column":32},"end":{"line":119,"column":72}}],"line":118},"14":{"loc":{"start":{"line":140,"column":2},"end":{"line":148,"column":3}},"type":"if","locations":[{"start":{"line":140,"column":2},"end":{"line":148,"column":3}},{"start":{"line":140,"column":2},"end":{"line":148,"column":3}}],"line":140}},"s":{"0":0,"1":0,"2":0,"3":0,"4":0,"5":0,"6":0,"7":0,"8":0,"9":0,"10":0,"11":0,"12":0,"13":0,"14":0,"15":0,"16":0,"17":0,"18":0,"19":0,"20":0,"21":0,"22":0,"23":0,"24":0,"25":0,"26":0,"27":0,"28":0,"29":0,"30":0,"31":0,"32":0,"33":0,"34":0,"35":0,"36":0,"37":0,"38":0},"f":{"0":0,"1":0,"2":0,"3":0,"4":0,"5":0,"6":0,"7":0,"8":0,"9":0,"10":0,"11":0,"12":0,"13":0,"14":0,"15":0},"b":{"0":[0,0,0],"1":[0,0],"2":[0,0],"3":[0,0],"4":[0,0],"5":[0,0],"6":[0,0],"7":[0,0],"8":[0,0],"9":[0,0],"10":[0,0],"11":[0,0],"12":[0,0],"13":[0,0,0],"14":[0,0]},"hash":"7cae2f94e6ad8078b778a16a7a385aa617cfbc5d"}
,"/Users/mgad/code/Learning/GoLang/my-fullstack-trials/family/v5/frontend/src/Hooks/comments.ts": {"path":"/Users/mgad/code/Learning/GoLang/my-fullstack-trials/family/v5/frontend/src/Hooks/comments.ts","statementMap":{"0":{"start":{"line":4,"column":42},"end":{"line":17,"column":1}},"1":{"start":{"line":5,"column":34},"end":{"line":5,"column":49}},"2":{"start":{"line":6,"column":36},"end":{"line":6,"column":50}},"3":{"start":{"line":8,"column":20},"end":{"line":12,"column":3}},"4":{"start":{"line":9,"column":24},"end":{"line":9,"column":76}},"5":{"start":{"line":10,"column":4},"end":{"line":10,"column":43}},"6":{"start":{"line":11,"column":4},"end":{"line":11,"column":24}},"7":{"start":{"line":13,"column":2},"end":{"line":15,"column":9}},"8":{"start":{"line":14,"column":4},"end":{"line":14,"column":16}},"9":{"start":{"line":16,"column":2},"end":{"line":16,"column":46}}},"fnMap":{"0":{"name":"(anonymous_0)","decl":{"start":{"line":4,"column":42},"end":{"line":4,"column":43}},"loc":{"start":{"line":4,"column":67},"end":{"line":17,"column":1}},"line":4},"1":{"name":"(anonymous_1)","decl":{"start":{"line":8,"column":20},"end":{"line":8,"column":21}},"loc":{"start":{"line":8,"column":32},"end":{"line":12,"column":3}},"line":8},"2":{"name":"(anonymous_2)","decl":{"start":{"line":13,"column":12},"end":{"line":13,"column":13}},"loc":{"start":{"line":13,"column":18},"end":{"line":15,"column":3}},"line":13}},"branchMap":{},"s":{"0":0,"1":0,"2":0,"3":0,"4":0,"5":0,"6":0,"7":0,"8":0,"9":0},"f":{"0":0,"1":0,"2":0},"b":{},"hash":"59b1508ebf381308232ff5edd80c57ef94eefb53"}
,"/Users/mgad/code/Learning/GoLang/my-fullstack-trials/family/v5/frontend/src/Hooks/likes.ts": {"path":"/Users/mgad/code/Learning/GoLang/my-fullstack-trials/family/v5/frontend/src/Hooks/likes.ts","statementMap":{"0":{"start":{"line":12,"column":39},"end":{"line":35,"column":1}},"1":{"start":{"line":15,"column":58},"end":{"line":15,"column":73}},"2":{"start":{"line":16,"column":38},"end":{"line":16,"column":53}},"3":{"start":{"line":17,"column":36},"end":{"line":17,"column":50}},"4":{"start":{"line":19,"column":20},"end":{"line":24,"column":3}},"5":{"start":{"line":20,"column":21},"end":{"line":20,"column":70}},"6":{"start":{"line":21,"column":4},"end":{"line":21,"column":49}},"7":{"start":{"line":22,"column":4},"end":{"line":22,"column":39}},"8":{"start":{"line":23,"column":4},"end":{"line":23,"column":24}},"9":{"start":{"line":25,"column":2},"end":{"line":27,"column":9}},"10":{"start":{"line":26,"column":4},"end":{"line":26,"column":16}},"11":{"start":{"line":28,"column":2},"end":{"line":34,"column":4}}},"fnMap":{"0":{"name":"(anonymous_0)","decl":{"start":{"line":12,"column":39},"end":{"line":12,"column":40}},"loc":{"start":{"line":14,"column":36},"end":{"line":35,"column":1}},"line":14},"1":{"name":"(anonymous_1)","decl":{"start":{"line":19,"column":20},"end":{"line":19,"column":21}},"loc":{"start":{"line":19,"column":32},"end":{"line":24,"column":3}},"line":19},"2":{"name":"(anonymous_2)","decl":{"start":{"line":25,"column":12},"end":{"line":25,"column":13}},"loc":{"start":{"line":25,"column":18},"end":{"line":27,"column":3}},"line":25}},"branchMap":{},"s":{"0":0,"1":0,"2":0,"3":0,"4":0,"5":0,"6":0,"7":0,"8":0,"9":0,"10":0,"11":0},"f":{"0":0,"1":0,"2":0},"b":{},"hash":"e9aa38e3be119bad879600455997a7c35ca9e3c4"}
,"/Users/mgad/code/Learning/GoLang/my-fullstack-trials/family/v5/frontend/src/Hooks/search.ts": {"path":"/Users/mgad/code/Learning/GoLang/my-fullstack-trials/family/v5/frontend/src/Hooks/search.ts","statementMap":{"0":{"start":{"line":8,"column":34},"end":{"line":22,"column":1}},"1":{"start":{"line":9,"column":48},"end":{"line":9,"column":63}},"2":{"start":{"line":10,"column":36},"end":{"line":10,"column":50}},"3":{"start":{"line":12,"column":20},"end":{"line":17,"column":3}},"4":{"start":{"line":13,"column":31},"end":{"line":13,"column":65}},"5":{"start":{"line":14,"column":4},"end":{"line":14,"column":53}},"6":{"start":{"line":15,"column":4},"end":{"line":15,"column":59}},"7":{"start":{"line":16,"column":4},"end":{"line":16,"column":24}},"8":{"start":{"line":18,"column":2},"end":{"line":20,"column":9}},"9":{"start":{"line":19,"column":4},"end":{"line":19,"column":16}},"10":{"start":{"line":21,"column":2},"end":{"line":21,"column":40}}},"fnMap":{"0":{"name":"(anonymous_0)","decl":{"start":{"line":8,"column":34},"end":{"line":8,"column":35}},"loc":{"start":{"line":8,"column":49},"end":{"line":22,"column":1}},"line":8},"1":{"name":"(anonymous_1)","decl":{"start":{"line":12,"column":20},"end":{"line":12,"column":21}},"loc":{"start":{"line":12,"column":32},"end":{"line":17,"column":3}},"line":12},"2":{"name":"(anonymous_2)","decl":{"start":{"line":18,"column":12},"end":{"line":18,"column":13}},"loc":{"start":{"line":18,"column":18},"end":{"line":20,"column":3}},"line":18}},"branchMap":{},"s":{"0":0,"1":0,"2":0,"3":0,"4":0,"5":0,"6":0,"7":0,"8":0,"9":0,"10":0},"f":{"0":0,"1":0,"2":0},"b":{},"hash":"a741dd3fb4e1efac389cc1c6df99ff644017024a"}
,"/Users/mgad/code/Learning/GoLang/my-fullstack-trials/family/v5/frontend/src/Hooks/streetArt.ts": {"path":"/Users/mgad/code/Learning/GoLang/my-fullstack-trials/family/v5/frontend/src/Hooks/streetArt.ts","statementMap":{"0":{"start":{"line":4,"column":35},"end":{"line":19,"column":1}},"1":{"start":{"line":5,"column":36},"end":{"line":5,"column":51}},"2":{"start":{"line":6,"column":36},"end":{"line":6,"column":50}},"3":{"start":{"line":8,"column":20},"end":{"line":14,"column":3}},"4":{"start":{"line":9,"column":4},"end":{"line":13,"column":5}},"5":{"start":{"line":10,"column":31},"end":{"line":10,"column":87}},"6":{"start":{"line":11,"column":6},"end":{"line":11,"column":53}},"7":{"start":{"line":12,"column":6},"end":{"line":12,"column":26}},"8":{"start":{"line":15,"column":2},"end":{"line":17,"column":9}},"9":{"start":{"line":16,"column":4},"end":{"line":16,"column":16}},"10":{"start":{"line":18,"column":2},"end":{"line":18,"column":34}},"11":{"start":{"line":20,"column":31},"end":{"line":33,"column":1}},"12":{"start":{"line":21,"column":38},"end":{"line":21,"column":53}},"13":{"start":{"line":22,"column":36},"end":{"line":22,"column":50}},"14":{"start":{"line":24,"column":20},"end":{"line":28,"column":3}},"15":{"start":{"line":25,"column":26},"end":{"line":25,"column":50}},"16":{"start":{"line":26,"column":4},"end":{"line":26,"column":49}},"17":{"start":{"line":27,"column":4},"end":{"line":27,"column":24}},"18":{"start":{"line":29,"column":2},"end":{"line":31,"column":9}},"19":{"start":{"line":30,"column":4},"end":{"line":30,"column":16}},"20":{"start":{"line":32,"column":2},"end":{"line":32,"column":35}}},"fnMap":{"0":{"name":"(anonymous_0)","decl":{"start":{"line":4,"column":35},"end":{"line":4,"column":36}},"loc":{"start":{"line":4,"column":41},"end":{"line":19,"column":1}},"line":4},"1":{"name":"(anonymous_1)","decl":{"start":{"line":8,"column":20},"end":{"line":8,"column":21}},"loc":{"start":{"line":8,"column":32},"end":{"line":14,"column":3}},"line":8},"2":{"name":"(anonymous_2)","decl":{"start":{"line":15,"column":12},"end":{"line":15,"column":13}},"loc":{"start":{"line":15,"column":18},"end":{"line":17,"column":3}},"line":15},"3":{"name":"(anonymous_3)","decl":{"start":{"line":20,"column":31},"end":{"line":20,"column":32}},"loc":{"start":{"line":20,"column":37},"end":{"line":33,"column":1}},"line":20},"4":{"name":"(anonymous_4)","decl":{"start":{"line":24,"column":20},"end":{"line":24,"column":21}},"loc":{"start":{"line":24,"column":32},"end":{"line":28,"column":3}},"line":24},"5":{"name":"(anonymous_5)","decl":{"start":{"line":29,"column":12},"end":{"line":29,"column":13}},"loc":{"start":{"line":29,"column":18},"end":{"line":31,"column":3}},"line":29}},"branchMap":{"0":{"loc":{"start":{"line":9,"column":4},"end":{"line":13,"column":5}},"type":"if","locations":[{"start":{"line":9,"column":4},"end":{"line":13,"column":5}},{"start":{"line":9,"column":4},"end":{"line":13,"column":5}}],"line":9}},"s":{"0":0,"1":0,"2":0,"3":0,"4":0,"5":0,"6":0,"7":0,"8":0,"9":0,"10":0,"11":0,"12":0,"13":0,"14":0,"15":0,"16":0,"17":0,"18":0,"19":0,"20":0},"f":{"0":0,"1":0,"2":0,"3":0,"4":0,"5":0},"b":{"0":[0,0]},"hash":"e6381861b9b36241e9de701ba57e60237aa720cb"}
,"/Users/mgad/code/Learning/GoLang/my-fullstack-trials/family/v5/frontend/src/Hooks/users.ts": {"path":"/Users/mgad/code/Learning/GoLang/my-fullstack-trials/family/v5/frontend/src/Hooks/users.ts","statementMap":{"0":{"start":{"line":5,"column":24},"end":{"line":18,"column":1}},"1":{"start":{"line":6,"column":28},"end":{"line":6,"column":43}},"2":{"start":{"line":7,"column":36},"end":{"line":7,"column":50}},"3":{"start":{"line":9,"column":20},"end":{"line":13,"column":3}},"4":{"start":{"line":10,"column":21},"end":{"line":10,"column":44}},"5":{"start":{"line":11,"column":4},"end":{"line":11,"column":34}},"6":{"start":{"line":12,"column":4},"end":{"line":12,"column":24}},"7":{"start":{"line":14,"column":2},"end":{"line":16,"column":9}},"8":{"start":{"line":15,"column":4},"end":{"line":15,"column":16}},"9":{"start":{"line":17,"column":2},"end":{"line":17,"column":30}},"10":{"start":{"line":20,"column":23},"end":{"line":37,"column":1}},"11":{"start":{"line":21,"column":26},"end":{"line":21,"column":38}},"12":{"start":{"line":22,"column":36},"end":{"line":22,"column":50}},"13":{"start":{"line":25,"column":19},"end":{"line":25,"column":32}},"14":{"start":{"line":27,"column":20},"end":{"line":32,"column":3}},"15":{"start":{"line":28,"column":19},"end":{"line":28,"column":48}},"16":{"start":{"line":29,"column":20},"end":{"line":29,"column":41}},"17":{"start":{"line":30,"column":4},"end":{"line":30,"column":31}},"18":{"start":{"line":31,"column":4},"end":{"line":31,"column":24}},"19":{"start":{"line":33,"column":2},"end":{"line":35,"column":9}},"20":{"start":{"line":34,"column":4},"end":{"line":34,"column":16}},"21":{"start":{"line":36,"column":2},"end":{"line":36,"column":29}}},"fnMap":{"0":{"name":"(anonymous_0)","decl":{"start":{"line":5,"column":24},"end":{"line":5,"column":25}},"loc":{"start":{"line":5,"column":30},"end":{"line":18,"column":1}},"line":5},"1":{"name":"(anonymous_1)","decl":{"start":{"line":9,"column":20},"end":{"line":9,"column":21}},"loc":{"start":{"line":9,"column":32},"end":{"line":13,"column":3}},"line":9},"2":{"name":"(anonymous_2)","decl":{"start":{"line":14,"column":12},"end":{"line":14,"column":13}},"loc":{"start":{"line":14,"column":18},"end":{"line":16,"column":3}},"line":14},"3":{"name":"(anonymous_3)","decl":{"start":{"line":20,"column":23},"end":{"line":20,"column":24}},"loc":{"start":{"line":20,"column":29},"end":{"line":37,"column":1}},"line":20},"4":{"name":"(anonymous_4)","decl":{"start":{"line":27,"column":20},"end":{"line":27,"column":21}},"loc":{"start":{"line":27,"column":32},"end":{"line":32,"column":3}},"line":27},"5":{"name":"(anonymous_5)","decl":{"start":{"line":33,"column":12},"end":{"line":33,"column":13}},"loc":{"start":{"line":33,"column":18},"end":{"line":35,"column":3}},"line":33}},"branchMap":{},"s":{"0":0,"1":0,"2":0,"3":0,"4":0,"5":0,"6":0,"7":0,"8":0,"9":0,"10":0,"11":0,"12":0,"13":0,"14":0,"15":0,"16":0,"17":0,"18":0,"19":0,"20":0,"21":0},"f":{"0":0,"1":0,"2":0,"3":0,"4":0,"5":0},"b":{},"hash":"5fdc11591c02fc639dde6a84b5facffcea6aa13d"}
,"/Users/mgad/code/Learning/GoLang/my-fullstack-trials/family/v5/frontend/src/Hooks/visits.ts": {"path":"/Users/mgad/code/Learning/GoLang/my-fullstack-trials/family/v5/frontend/src/Hooks/visits.ts","statementMap":{"0":{"start":{"line":12,"column":40},"end":{"line":35,"column":1}},"1":{"start":{"line":15,"column":60},"end":{"line":15,"column":75}},"2":{"start":{"line":16,"column":42},"end":{"line":16,"column":57}},"3":{"start":{"line":17,"column":36},"end":{"line":17,"column":50}},"4":{"start":{"line":19,"column":20},"end":{"line":24,"column":3}},"5":{"start":{"line":20,"column":22},"end":{"line":20,"column":72}},"6":{"start":{"line":21,"column":4},"end":{"line":21,"column":52}},"7":{"start":{"line":22,"column":4},"end":{"line":22,"column":42}},"8":{"start":{"line":23,"column":4},"end":{"line":23,"column":24}},"9":{"start":{"line":25,"column":2},"end":{"line":27,"column":9}},"10":{"start":{"line":26,"column":4},"end":{"line":26,"column":16}},"11":{"start":{"line":28,"column":2},"end":{"line":34,"column":4}}},"fnMap":{"0":{"name":"(anonymous_0)","decl":{"start":{"line":12,"column":40},"end":{"line":12,"column":41}},"loc":{"start":{"line":14,"column":37},"end":{"line":35,"column":1}},"line":14},"1":{"name":"(anonymous_1)","decl":{"start":{"line":19,"column":20},"end":{"line":19,"column":21}},"loc":{"start":{"line":19,"column":32},"end":{"line":24,"column":3}},"line":19},"2":{"name":"(anonymous_2)","decl":{"start":{"line":25,"column":12},"end":{"line":25,"column":13}},"loc":{"start":{"line":25,"column":18},"end":{"line":27,"column":3}},"line":25}},"branchMap":{},"s":{"0":0,"1":0,"2":0,"3":0,"4":0,"5":0,"6":0,"7":0,"8":0,"9":0,"10":0,"11":0},"f":{"0":0,"1":0,"2":0},"b":{},"hash":"db3b33c0b51075ffe99a303f8ca3e653c239d59e"}
,"/Users/mgad/code/Learning/GoLang/my-fullstack-trials/family/v5/frontend/src/components/AddComment.tsx": {"path":"/Users/mgad/code/Learning/GoLang/my-fullstack-trials/family/v5/frontend/src/components/AddComment.tsx","statementMap":{"0":{"start":{"line":11,"column":47},"end":{"line":51,"column":1}},"1":{"start":{"line":12,"column":32},"end":{"line":12,"column":49}},"2":{"start":{"line":14,"column":24},"end":{"line":24,"column":3}},"3":{"start":{"line":15,"column":4},"end":{"line":15,"column":23}},"4":{"start":{"line":16,"column":15},"end":{"line":19,"column":5}},"5":{"start":{"line":21,"column":4},"end":{"line":21,"column":34}},"6":{"start":{"line":22,"column":4},"end":{"line":22,"column":19}},"7":{"start":{"line":23,"column":4},"end":{"line":23,"column":15}},"8":{"start":{"line":25,"column":2},"end":{"line":50,"column":4}},"9":{"start":{"line":26,"column":29},"end":{"line":26,"column":69}},"10":{"start":{"line":30,"column":29},"end":{"line":30,"column":55}},"11":{"start":{"line":40,"column":28},"end":{"line":40,"column":44}}},"fnMap":{"0":{"name":"(anonymous_0)","decl":{"start":{"line":11,"column":47},"end":{"line":11,"column":48}},"loc":{"start":{"line":11,"column":78},"end":{"line":51,"column":1}},"line":11},"1":{"name":"(anonymous_1)","decl":{"start":{"line":14,"column":24},"end":{"line":14,"column":25}},"loc":{"start":{"line":14,"column":42},"end":{"line":24,"column":3}},"line":14},"2":{"name":"(anonymous_2)","decl":{"start":{"line":26,"column":21},"end":{"line":26,"column":22}},"loc":{"start":{"line":26,"column":29},"end":{"line":26,"column":69}},"line":26},"3":{"name":"(anonymous_3)","decl":{"start":{"line":30,"column":22},"end":{"line":30,"column":23}},"loc":{"start":{"line":30,"column":29},"end":{"line":30,"column":55}},"line":30},"4":{"name":"(anonymous_4)","decl":{"start":{"line":40,"column":21},"end":{"line":40,"column":22}},"loc":{"start":{"line":40,"column":28},"end":{"line":40,"column":44}},"line":40}},"branchMap":{"0":{"loc":{"start":{"line":26,"column":29},"end":{"line":26,"column":69}},"type":"cond-expr","locations":[{"start":{"line":26,"column":48},"end":{"line":26,"column":64}},{"start":{"line":26,"column":67},"end":{"line":26,"column":69}}],"line":26},"1":{"loc":{"start":{"line":42,"column":22},"end":{"line":42,"column":56}},"type":"binary-expr","locations":[{"start":{"line":42,"column":22},"end":{"line":42,"column":38}},{"start":{"line":42,"column":42},"end":{"line":42,"column":56}}],"line":42}},"s":{"0":0,"1":0,"2":0,"3":0,"4":0,"5":0,"6":0,"7":0,"8":0,"9":0,"10":0,"11":0},"f":{"0":0,"1":0,"2":0,"3":0,"4":0},"b":{"0":[0,0],"1":[0,0]},"hash":"55fe9e28c10600a6245cd81a855d4316996d6887"}
,"/Users/mgad/code/Learning/GoLang/my-fullstack-trials/family/v5/frontend/src/components/AddStreetArt.tsx": {"path":"/Users/mgad/code/Learning/GoLang/my-fullstack-trials/family/v5/frontend/src/components/AddStreetArt.tsx","statementMap":{"0":{"start":{"line":22,"column":51},"end":{"line":105,"column":1}},"1":{"start":{"line":26,"column":26},"end":{"line":26,"column":43}},"2":{"start":{"line":27,"column":42},"end":{"line":27,"column":59}},"3":{"start":{"line":28,"column":34},"end":{"line":28,"column":51}},"4":{"start":{"line":30,"column":17},"end":{"line":33,"column":3}},"5":{"start":{"line":31,"column":4},"end":{"line":31,"column":23}},"6":{"start":{"line":32,"column":4},"end":{"line":32,"column":27}},"7":{"start":{"line":35,"column":28},"end":{"line":45,"column":3}},"8":{"start":{"line":36,"column":4},"end":{"line":36,"column":23}},"9":{"start":{"line":37,"column":17},"end":{"line":37,"column":33}},"10":{"start":{"line":38,"column":18},"end":{"line":38,"column":35}},"11":{"start":{"line":40,"column":4},"end":{"line":43,"column":6}},"12":{"start":{"line":41,"column":6},"end":{"line":41,"column":23}},"13":{"start":{"line":42,"column":6},"end":{"line":42,"column":37}},"14":{"start":{"line":44,"column":4},"end":{"line":44,"column":34}},"15":{"start":{"line":47,"column":31},"end":{"line":52,"column":3}},"16":{"start":{"line":49,"column":21},"end":{"line":49,"column":35}},"17":{"start":{"line":50,"column":4},"end":{"line":50,"column":34}},"18":{"start":{"line":51,"column":4},"end":{"line":51,"column":43}},"19":{"start":{"line":54,"column":26},"end":{"line":67,"column":3}},"20":{"start":{"line":55,"column":4},"end":{"line":55,"column":23}},"21":{"start":{"line":56,"column":15},"end":{"line":59,"column":5}},"22":{"start":{"line":62,"column":4},"end":{"line":66,"column":7}},"23":{"start":{"line":63,"column":6},"end":{"line":63,"column":50}},"24":{"start":{"line":65,"column":6},"end":{"line":65,"column":29}},"25":{"start":{"line":68,"column":2},"end":{"line":104,"column":4}},"26":{"start":{"line":76,"column":31},"end":{"line":76,"column":58}},"27":{"start":{"line":90,"column":31},"end":{"line":90,"column":51}}},"fnMap":{"0":{"name":"(anonymous_0)","decl":{"start":{"line":22,"column":51},"end":{"line":22,"column":52}},"loc":{"start":{"line":25,"column":6},"end":{"line":105,"column":1}},"line":25},"1":{"name":"(anonymous_1)","decl":{"start":{"line":30,"column":17},"end":{"line":30,"column":18}},"loc":{"start":{"line":30,"column":29},"end":{"line":33,"column":3}},"line":30},"2":{"name":"(anonymous_2)","decl":{"start":{"line":35,"column":28},"end":{"line":35,"column":29}},"loc":{"start":{"line":35,"column":40},"end":{"line":45,"column":3}},"line":35},"3":{"name":"(anonymous_3)","decl":{"start":{"line":40,"column":23},"end":{"line":40,"column":24}},"loc":{"start":{"line":40,"column":29},"end":{"line":43,"column":5}},"line":40},"4":{"name":"(anonymous_4)","decl":{"start":{"line":47,"column":31},"end":{"line":47,"column":32}},"loc":{"start":{"line":47,"column":44},"end":{"line":52,"column":3}},"line":47},"5":{"name":"(anonymous_5)","decl":{"start":{"line":54,"column":26},"end":{"line":54,"column":27}},"loc":{"start":{"line":54,"column":44},"end":{"line":67,"column":3}},"line":54},"6":{"name":"(anonymous_6)","decl":{"start":{"line":62,"column":41},"end":{"line":62,"column":42}},"loc":{"start":{"line":62,"column":50},"end":{"line":66,"column":5}},"line":62},"7":{"name":"(anonymous_7)","decl":{"start":{"line":76,"column":24},"end":{"line":76,"column":25}},"loc":{"start":{"line":76,"column":31},"end":{"line":76,"column":58}},"line":76},"8":{"name":"(anonymous_8)","decl":{"start":{"line":90,"column":24},"end":{"line":90,"column":25}},"loc":{"start":{"line":90,"column":31},"end":{"line":90,"column":51}},"line":90}},"branchMap":{"0":{"loc":{"start":{"line":96,"column":22},"end":{"line":96,"column":78}},"type":"binary-expr","locations":[{"start":{"line":96,"column":22},"end":{"line":96,"column":42}},{"start":{"line":96,"column":46},"end":{"line":96,"column":58}},{"start":{"line":96,"column":62},"end":{"line":96,"column":78}}],"line":96}},"s":{"0":0,"1":0,"2":0,"3":0,"4":0,"5":0,"6":0,"7":0,"8":0,"9":0,"10":0,"11":0,"12":0,"13":0,"14":0,"15":0,"16":0,"17":0,"18":0,"19":0,"20":0,"21":0,"22":0,"23":0,"24":0,"25":0,"26":0,"27":0},"f":{"0":0,"1":0,"2":0,"3":0,"4":0,"5":0,"6":0,"7":0,"8":0},"b":{"0":[0,0,0]},"hash":"c43316e8a7c90ba6dbc5a89383f1c79934e6eb5e"}
,"/Users/mgad/code/Learning/GoLang/my-fullstack-trials/family/v5/frontend/src/components/App.tsx": {"path":"/Users/mgad/code/Learning/GoLang/my-fullstack-trials/family/v5/frontend/src/components/App.tsx","statementMap":{"0":{"start":{"line":14,"column":33},"end":{"line":30,"column":1}},"1":{"start":{"line":15,"column":2},"end":{"line":29,"column":4}}},"fnMap":{"0":{"name":"(anonymous_0)","decl":{"start":{"line":14,"column":33},"end":{"line":14,"column":34}},"loc":{"start":{"line":14,"column":39},"end":{"line":30,"column":1}},"line":14}},"branchMap":{},"s":{"0":0,"1":0},"f":{"0":0},"b":{},"hash":"f61044f6a0580a5e1a10308acf10e07e4bf85c7f"}
,"/Users/mgad/code/Learning/GoLang/my-fullstack-trials/family/v5/frontend/src/components/Carousel.tsx": {"path":"/Users/mgad/code/Learning/GoLang/my-fullstack-trials/family/v5/frontend/src/components/Carousel.tsx","statementMap":{"0":{"start":{"line":16,"column":14},"end":{"line":62,"column":1}},"1":{"start":{"line":64,"column":16},"end":{"line":70,"column":1}},"2":{"start":{"line":65,"column":2},"end":{"line":68,"column":3}},"3":{"start":{"line":65,"column":15},"end":{"line":65,"column":27}},"4":{"start":{"line":66,"column":14},"end":{"line":66,"column":49}},"5":{"start":{"line":67,"column":4},"end":{"line":67,"column":32}},"6":{"start":{"line":69,"column":2},"end":{"line":69,"column":11}},"7":{"start":{"line":74,"column":19},"end":{"line":78,"column":1}},"8":{"start":{"line":75,"column":2},"end":{"line":77,"column":4}}},"fnMap":{"0":{"name":"(anonymous_0)","decl":{"start":{"line":64,"column":16},"end":{"line":64,"column":17}},"loc":{"start":{"line":64,"column":33},"end":{"line":70,"column":1}},"line":64},"1":{"name":"(anonymous_1)","decl":{"start":{"line":74,"column":19},"end":{"line":74,"column":20}},"loc":{"start":{"line":74,"column":25},"end":{"line":78,"column":1}},"line":74}},"branchMap":{},"s":{"0":0,"1":0,"2":0,"3":0,"4":0,"5":0,"6":0,"7":0,"8":0},"f":{"0":0,"1":0},"b":{},"hash":"cbe6fbab1598233888e6c7eb0cf737b221e62dae"}
,"/Users/mgad/code/Learning/GoLang/my-fullstack-trials/family/v5/frontend/src/components/EditStreetArt.tsx": {"path":"/Users/mgad/code/Learning/GoLang/my-fullstack-trials/family/v5/frontend/src/components/EditStreetArt.tsx","statementMap":{"0":{"start":{"line":24,"column":53},"end":{"line":138,"column":1}},"1":{"start":{"line":25,"column":26},"end":{"line":25,"column":43}},"2":{"start":{"line":26,"column":42},"end":{"line":26,"column":59}},"3":{"start":{"line":27,"column":34},"end":{"line":27,"column":51}},"4":{"start":{"line":28,"column":44},"end":{"line":28,"column":59}},"5":{"start":{"line":29,"column":17},"end":{"line":29,"column":78}},"6":{"start":{"line":31,"column":17},"end":{"line":34,"column":3}},"7":{"start":{"line":32,"column":4},"end":{"line":32,"column":23}},"8":{"start":{"line":33,"column":4},"end":{"line":33,"column":28}},"9":{"start":{"line":36,"column":28},"end":{"line":46,"column":3}},"10":{"start":{"line":37,"column":4},"end":{"line":37,"column":23}},"11":{"start":{"line":38,"column":17},"end":{"line":38,"column":33}},"12":{"start":{"line":39,"column":18},"end":{"line":39,"column":35}},"13":{"start":{"line":41,"column":4},"end":{"line":44,"column":6}},"14":{"start":{"line":42,"column":6},"end":{"line":42,"column":23}},"15":{"start":{"line":43,"column":6},"end":{"line":43,"column":37}},"16":{"start":{"line":45,"column":4},"end":{"line":45,"column":34}},"17":{"start":{"line":48,"column":31},"end":{"line":53,"column":3}},"18":{"start":{"line":50,"column":21},"end":{"line":50,"column":35}},"19":{"start":{"line":51,"column":4},"end":{"line":51,"column":34}},"20":{"start":{"line":52,"column":4},"end":{"line":52,"column":43}},"21":{"start":{"line":55,"column":26},"end":{"line":66,"column":3}},"22":{"start":{"line":56,"column":4},"end":{"line":56,"column":23}},"23":{"start":{"line":57,"column":15},"end":{"line":60,"column":5}},"24":{"start":{"line":62,"column":4},"end":{"line":65,"column":7}},"25":{"start":{"line":63,"column":6},"end":{"line":63,"column":50}},"26":{"start":{"line":64,"column":6},"end":{"line":64,"column":30}},"27":{"start":{"line":67,"column":2},"end":{"line":137,"column":4}},"28":{"start":{"line":72,"column":12},"end":{"line":72,"column":35}},"29":{"start":{"line":85,"column":33},"end":{"line":85,"column":60}},"30":{"start":{"line":102,"column":33},"end":{"line":102,"column":53}},"31":{"start":{"line":122,"column":22},"end":{"line":122,"column":50}},"32":{"start":{"line":123,"column":22},"end":{"line":123,"column":44}}},"fnMap":{"0":{"name":"(anonymous_0)","decl":{"start":{"line":24,"column":53},"end":{"line":24,"column":54}},"loc":{"start":{"line":24,"column":83},"end":{"line":138,"column":1}},"line":24},"1":{"name":"(anonymous_1)","decl":{"start":{"line":31,"column":17},"end":{"line":31,"column":18}},"loc":{"start":{"line":31,"column":29},"end":{"line":34,"column":3}},"line":31},"2":{"name":"(anonymous_2)","decl":{"start":{"line":36,"column":28},"end":{"line":36,"column":29}},"loc":{"start":{"line":36,"column":40},"end":{"line":46,"column":3}},"line":36},"3":{"name":"(anonymous_3)","decl":{"start":{"line":41,"column":23},"end":{"line":41,"column":24}},"loc":{"start":{"line":41,"column":29},"end":{"line":44,"column":5}},"line":41},"4":{"name":"(anonymous_4)","decl":{"start":{"line":48,"column":31},"end":{"line":48,"column":32}},"loc":{"start":{"line":48,"column":44},"end":{"line":53,"column":3}},"line":48},"5":{"name":"(anonymous_5)","decl":{"start":{"line":55,"column":26},"end":{"line":55,"column":27}},"loc":{"start":{"line":55,"column":44},"end":{"line":66,"column":3}},"line":55},"6":{"name":"(anonymous_6)","decl":{"start":{"line":62,"column":41},"end":{"line":62,"column":42}},"loc":{"start":{"line":62,"column":50},"end":{"line":65,"column":5}},"line":62},"7":{"name":"(anonymous_7)","decl":{"start":{"line":71,"column":19},"end":{"line":71,"column":20}},"loc":{"start":{"line":71,"column":25},"end":{"line":73,"column":11}},"line":71},"8":{"name":"(anonymous_8)","decl":{"start":{"line":85,"column":26},"end":{"line":85,"column":27}},"loc":{"start":{"line":85,"column":33},"end":{"line":85,"column":60}},"line":85},"9":{"name":"(anonymous_9)","decl":{"start":{"line":102,"column":26},"end":{"line":102,"column":27}},"loc":{"start":{"line":102,"column":33},"end":{"line":102,"column":53}},"line":102},"10":{"name":"(anonymous_10)","decl":{"start":{"line":121,"column":29},"end":{"line":121,"column":30}},"loc":{"start":{"line":121,"column":35},"end":{"line":124,"column":21}},"line":121}},"branchMap":{"0":{"loc":{"start":{"line":29,"column":17},"end":{"line":29,"column":78}},"type":"cond-expr","locations":[{"start":{"line":29,"column":45},"end":{"line":29,"column":73}},{"start":{"line":29,"column":76},"end":{"line":29,"column":78}}],"line":29},"1":{"loc":{"start":{"line":110,"column":20},"end":{"line":110,"column":76}},"type":"binary-expr","locations":[{"start":{"line":110,"column":20},"end":{"line":110,"column":40}},{"start":{"line":110,"column":44},"end":{"line":110,"column":56}},{"start":{"line":110,"column":60},"end":{"line":110,"column":76}}],"line":110},"2":{"loc":{"start":{"line":118,"column":15},"end":{"line":131,"column":15}},"type":"binary-expr","locations":[{"start":{"line":118,"column":15},"end":{"line":118,"column":38}},{"start":{"line":119,"column":16},"end":{"line":130,"column":23}}],"line":118}},"s":{"0":0,"1":0,"2":0,"3":0,"4":0,"5":0,"6":0,"7":0,"8":0,"9":0,"10":0,"11":0,"12":0,"13":0,"14":0,"15":0,"16":0,"17":0,"18":0,"19":0,"20":0,"21":0,"22":0,"23":0,"24":0,"25":0,"26":0,"27":0,"28":0,"29":0,"30":0,"31":0,"32":0},"f":{"0":0,"1":0,"2":0,"3":0,"4":0,"5":0,"6":0,"7":0,"8":0,"9":0,"10":0},"b":{"0":[0,0],"1":[0,0,0],"2":[0,0]},"hash":"0f9b6ea4db45058b13431a452b13f0561158325f"}
,"/Users/mgad/code/Learning/GoLang/my-fullstack-trials/family/v5/frontend/src/components/EditUser.tsx": {"path":"/Users/mgad/code/Learning/GoLang/my-fullstack-trials/family/v5/frontend/src/components/EditUser.tsx","statementMap":{"0":{"start":{"line":20,"column":43},"end":{"line":135,"column":1}},"1":{"start":{"line":21,"column":37},"end":{"line":21,"column":46}},"2":{"start":{"line":22,"column":26},"end":{"line":22,"column":43}},"3":{"start":{"line":23,"column":42},"end":{"line":23,"column":59}},"4":{"start":{"line":24,"column":34},"end":{"line":24,"column":49}},"5":{"start":{"line":25,"column":36},"end":{"line":25,"column":60}},"6":{"start":{"line":26,"column":34},"end":{"line":26,"column":57}},"7":{"start":{"line":27,"column":28},"end":{"line":27,"column":48}},"8":{"start":{"line":29,"column":18},"end":{"line":29,"column":30}},"9":{"start":{"line":31,"column":17},"end":{"line":34,"column":3}},"10":{"start":{"line":32,"column":4},"end":{"line":32,"column":23}},"11":{"start":{"line":33,"column":4},"end":{"line":33,"column":23}},"12":{"start":{"line":36,"column":19},"end":{"line":47,"column":3}},"13":{"start":{"line":37,"column":4},"end":{"line":37,"column":30}},"14":{"start":{"line":38,"column":4},"end":{"line":44,"column":7}},"15":{"start":{"line":39,"column":6},"end":{"line":41,"column":7}},"16":{"start":{"line":40,"column":8},"end":{"line":40,"column":34}},"17":{"start":{"line":43,"column":6},"end":{"line":43,"column":25}},"18":{"start":{"line":46,"column":4},"end":{"line":46,"column":18}},"19":{"start":{"line":49,"column":28},"end":{"line":59,"column":3}},"20":{"start":{"line":50,"column":4},"end":{"line":50,"column":23}},"21":{"start":{"line":51,"column":17},"end":{"line":51,"column":33}},"22":{"start":{"line":52,"column":18},"end":{"line":52,"column":35}},"23":{"start":{"line":54,"column":4},"end":{"line":57,"column":6}},"24":{"start":{"line":55,"column":6},"end":{"line":55,"column":23}},"25":{"start":{"line":56,"column":6},"end":{"line":56,"column":37}},"26":{"start":{"line":58,"column":4},"end":{"line":58,"column":34}},"27":{"start":{"line":61,"column":27},"end":{"line":66,"column":3}},"28":{"start":{"line":63,"column":21},"end":{"line":63,"column":35}},"29":{"start":{"line":64,"column":4},"end":{"line":64,"column":34}},"30":{"start":{"line":65,"column":4},"end":{"line":65,"column":38}},"31":{"start":{"line":68,"column":2},"end":{"line":134,"column":4}},"32":{"start":{"line":73,"column":12},"end":{"line":73,"column":30}},"33":{"start":{"line":88,"column":31},"end":{"line":88,"column":59}},"34":{"start":{"line":97,"column":31},"end":{"line":97,"column":58}},"35":{"start":{"line":106,"column":31},"end":{"line":106,"column":55}},"36":{"start":{"line":118,"column":31},"end":{"line":118,"column":51}}},"fnMap":{"0":{"name":"(anonymous_0)","decl":{"start":{"line":20,"column":43},"end":{"line":20,"column":44}},"loc":{"start":{"line":20,"column":57},"end":{"line":135,"column":1}},"line":20},"1":{"name":"(anonymous_1)","decl":{"start":{"line":31,"column":17},"end":{"line":31,"column":18}},"loc":{"start":{"line":31,"column":29},"end":{"line":34,"column":3}},"line":31},"2":{"name":"(anonymous_2)","decl":{"start":{"line":36,"column":19},"end":{"line":36,"column":20}},"loc":{"start":{"line":36,"column":40},"end":{"line":47,"column":3}},"line":36},"3":{"name":"(anonymous_3)","decl":{"start":{"line":38,"column":45},"end":{"line":38,"column":46}},"loc":{"start":{"line":38,"column":51},"end":{"line":44,"column":5}},"line":38},"4":{"name":"(anonymous_4)","decl":{"start":{"line":49,"column":28},"end":{"line":49,"column":29}},"loc":{"start":{"line":49,"column":40},"end":{"line":59,"column":3}},"line":49},"5":{"name":"(anonymous_5)","decl":{"start":{"line":54,"column":23},"end":{"line":54,"column":24}},"loc":{"start":{"line":54,"column":29},"end":{"line":57,"column":5}},"line":54},"6":{"name":"(anonymous_6)","decl":{"start":{"line":61,"column":27},"end":{"line":61,"column":28}},"loc":{"start":{"line":61,"column":43},"end":{"line":66,"column":3}},"line":61},"7":{"name":"(anonymous_7)","decl":{"start":{"line":72,"column":19},"end":{"line":72,"column":20}},"loc":{"start":{"line":72,"column":25},"end":{"line":74,"column":11}},"line":72},"8":{"name":"(anonymous_8)","decl":{"start":{"line":88,"column":24},"end":{"line":88,"column":25}},"loc":{"start":{"line":88,"column":31},"end":{"line":88,"column":59}},"line":88},"9":{"name":"(anonymous_9)","decl":{"start":{"line":97,"column":24},"end":{"line":97,"column":25}},"loc":{"start":{"line":97,"column":31},"end":{"line":97,"column":58}},"line":97},"10":{"name":"(anonymous_10)","decl":{"start":{"line":106,"column":24},"end":{"line":106,"column":25}},"loc":{"start":{"line":106,"column":31},"end":{"line":106,"column":55}},"line":106},"11":{"name":"(anonymous_11)","decl":{"start":{"line":118,"column":24},"end":{"line":118,"column":25}},"loc":{"start":{"line":118,"column":31},"end":{"line":118,"column":51}},"line":118}},"branchMap":{"0":{"loc":{"start":{"line":39,"column":6},"end":{"line":41,"column":7}},"type":"if","locations":[{"start":{"line":39,"column":6},"end":{"line":41,"column":7}},{"start":{"line":39,"column":6},"end":{"line":41,"column":7}}],"line":39}},"s":{"0":0,"1":0,"2":0,"3":0,"4":0,"5":0,"6":0,"7":0,"8":0,"9":0,"10":0,"11":0,"12":0,"13":0,"14":0,"15":0,"16":0,"17":0,"18":0,"19":0,"20":0,"21":0,"22":0,"23":0,"24":0,"25":0,"26":0,"27":0,"28":0,"29":0,"30":0,"31":0,"32":0,"33":0,"34":0,"35":0,"36":0},"f":{"0":0,"1":0,"2":0,"3":0,"4":0,"5":0,"6":0,"7":0,"8":0,"9":0,"10":0,"11":0},"b":{"0":[0,0]},"hash":"a6309e7f780d68d9ba321377c7303d90fcdf2487"}
,"/Users/mgad/code/Learning/GoLang/my-fullstack-trials/family/v5/frontend/src/components/Likes.tsx": {"path":"/Users/mgad/code/Learning/GoLang/my-fullstack-trials/family/v5/frontend/src/components/Likes.tsx","statementMap":{"0":{"start":{"line":12,"column":37},"end":{"line":116,"column":1}},"1":{"start":{"line":19,"column":6},"end":{"line":19,"column":42}},"2":{"start":{"line":21,"column":17},"end":{"line":21,"column":78}},"3":{"start":{"line":22,"column":18},"end":{"line":22,"column":23}},"4":{"start":{"line":24,"column":22},"end":{"line":24,"column":23}},"5":{"start":{"line":26,"column":2},"end":{"line":35,"column":3}},"6":{"start":{"line":27,"column":4},"end":{"line":27,"column":75}},"7":{"start":{"line":28,"column":4},"end":{"line":34,"column":9}},"8":{"start":{"line":30,"column":8},"end":{"line":33,"column":9}},"9":{"start":{"line":31,"column":10},"end":{"line":31,"column":27}},"10":{"start":{"line":32,"column":10},"end":{"line":32,"column":27}},"11":{"start":{"line":39,"column":2},"end":{"line":63,"column":3}},"12":{"start":{"line":40,"column":4},"end":{"line":40,"column":23}},"13":{"start":{"line":41,"column":9},"end":{"line":63,"column":3}},"14":{"start":{"line":42,"column":4},"end":{"line":46,"column":5}},"15":{"start":{"line":43,"column":6},"end":{"line":43,"column":39}},"16":{"start":{"line":45,"column":6},"end":{"line":45,"column":56}},"17":{"start":{"line":47,"column":9},"end":{"line":63,"column":3}},"18":{"start":{"line":48,"column":4},"end":{"line":52,"column":5}},"19":{"start":{"line":49,"column":6},"end":{"line":49,"column":65}},"20":{"start":{"line":51,"column":6},"end":{"line":51,"column":83}},"21":{"start":{"line":53,"column":9},"end":{"line":63,"column":3}},"22":{"start":{"line":54,"column":4},"end":{"line":60,"column":5}},"23":{"start":{"line":55,"column":6},"end":{"line":57,"column":20}},"24":{"start":{"line":59,"column":6},"end":{"line":59,"column":67}},"25":{"start":{"line":62,"column":4},"end":{"line":62,"column":65}},"26":{"start":{"line":65,"column":18},"end":{"line":74,"column":3}},"27":{"start":{"line":66,"column":15},"end":{"line":68,"column":5}},"28":{"start":{"line":70,"column":4},"end":{"line":70,"column":31}},"29":{"start":{"line":71,"column":22},"end":{"line":71,"column":71}},"30":{"start":{"line":72,"column":4},"end":{"line":72,"column":50}},"31":{"start":{"line":73,"column":4},"end":{"line":73,"column":40}},"32":{"start":{"line":76,"column":21},"end":{"line":81,"column":3}},"33":{"start":{"line":77,"column":4},"end":{"line":77,"column":33}},"34":{"start":{"line":78,"column":22},"end":{"line":78,"column":71}},"35":{"start":{"line":79,"column":4},"end":{"line":79,"column":50}},"36":{"start":{"line":80,"column":4},"end":{"line":80,"column":40}},"37":{"start":{"line":83,"column":22},"end":{"line":85,"column":3}},"38":{"start":{"line":84,"column":4},"end":{"line":84,"column":41}},"39":{"start":{"line":87,"column":2},"end":{"line":115,"column":4}}},"fnMap":{"0":{"name":"(anonymous_0)","decl":{"start":{"line":12,"column":37},"end":{"line":12,"column":38}},"loc":{"start":{"line":12,"column":58},"end":{"line":116,"column":1}},"line":12},"1":{"name":"(anonymous_1)","decl":{"start":{"line":29,"column":31},"end":{"line":29,"column":32}},"loc":{"start":{"line":29,"column":46},"end":{"line":34,"column":7}},"line":29},"2":{"name":"(anonymous_2)","decl":{"start":{"line":65,"column":18},"end":{"line":65,"column":19}},"loc":{"start":{"line":65,"column":30},"end":{"line":74,"column":3}},"line":65},"3":{"name":"(anonymous_3)","decl":{"start":{"line":76,"column":21},"end":{"line":76,"column":22}},"loc":{"start":{"line":76,"column":33},"end":{"line":81,"column":3}},"line":76},"4":{"name":"(anonymous_4)","decl":{"start":{"line":83,"column":22},"end":{"line":83,"column":23}},"loc":{"start":{"line":83,"column":34},"end":{"line":85,"column":3}},"line":83}},"branchMap":{"0":{"loc":{"start":{"line":21,"column":17},"end":{"line":21,"column":78}},"type":"cond-expr","locations":[{"start":{"line":21,"column":45},"end":{"line":21,"column":73}},{"start":{"line":21,"column":76},"end":{"line":21,"column":78}}],"line":21},"1":{"loc":{"start":{"line":26,"column":2},"end":{"line":35,"column":3}},"type":"if","locations":[{"start":{"line":26,"column":2},"end":{"line":35,"column":3}},{"start":{"line":26,"column":2},"end":{"line":35,"column":3}}],"line":26},"2":{"loc":{"start":{"line":27,"column":20},"end":{"line":27,"column":74}},"type":"cond-expr","locations":[{"start":{"line":27,"column":43},"end":{"line":27,"column":70}},{"start":{"line":27,"column":73},"end":{"line":27,"column":74}}],"line":27},"3":{"loc":{"start":{"line":28,"column":4},"end":{"line":34,"column":8}},"type":"binary-expr","locations":[{"start":{"line":28,"column":4},"end":{"line":28,"column":24}},{"start":{"line":29,"column":6},"end":{"line":34,"column":8}}],"line":28},"4":{"loc":{"start":{"line":30,"column":8},"end":{"line":33,"column":9}},"type":"if","locations":[{"start":{"line":30,"column":8},"end":{"line":33,"column":9}},{"start":{"line":30,"column":8},"end":{"line":33,"column":9}}],"line":30},"5":{"loc":{"start":{"line":30,"column":12},"end":{"line":30,"column":70}},"type":"binary-expr","locations":[{"start":{"line":30,"column":12},"end":{"line":30,"column":34}},{"start":{"line":30,"column":38},"end":{"line":30,"column":70}}],"line":30},"6":{"loc":{"start":{"line":39,"column":2},"end":{"line":63,"column":3}},"type":"if","locations":[{"start":{"line":39,"column":2},"end":{"line":63,"column":3}},{"start":{"line":39,"column":2},"end":{"line":63,"column":3}}],"line":39},"7":{"loc":{"start":{"line":41,"column":9},"end":{"line":63,"column":3}},"type":"if","locations":[{"start":{"line":41,"column":9},"end":{"line":63,"column":3}},{"start":{"line":41,"column":9},"end":{"line":63,"column":3}}],"line":41},"8":{"loc":{"start":{"line":42,"column":4},"end":{"line":46,"column":5}},"type":"if","locations":[{"start":{"line":42,"column":4},"end":{"line":46,"column":5}},{"start":{"line":42,"column":4},"end":{"line":46,"column":5}}],"line":42},"9":{"loc":{"start":{"line":47,"column":9},"end":{"line":63,"column":3}},"type":"if","locations":[{"start":{"line":47,"column":9},"end":{"line":63,"column":3}},{"start":{"line":47,"column":9},"end":{"line":63,"column":3}}],"line":47},"10":{"loc":{"start":{"line":48,"column":4},"end":{"line":52,"column":5}},"type":"if","locations":[{"start":{"line":48,"column":4},"end":{"line":52,"column":5}},{"start":{"line":48,"column":4},"end":{"line":52,"column":5}}],"line":48},"11":{"loc":{"start":{"line":53,"column":9},"end":{"line":63,"column":3}},"type":"if","locations":[{"start":{"line":53,"column":9},"end":{"line":63,"column":3}},{"start":{"line":53,"column":9},"end":{"line":63,"column":3}}],"line":53},"12":{"loc":{"start":{"line":54,"column":4},"end":{"line":60,"column":5}},"type":"if","locations":[{"start":{"line":54,"column":4},"end":{"line":60,"column":5}},{"start":{"line":54,"column":4},"end":{"line":60,"column":5}}],"line":54},"13":{"loc":{"start":{"line":84,"column":4},"end":{"line":84,"column":40}},"type":"cond-expr","locations":[{"start":{"line":84,"column":16},"end":{"line":84,"column":28}},{"start":{"line":84,"column":31},"end":{"line":84,"column":40}}],"line":84},"14":{"loc":{"start":{"line":91,"column":11},"end":{"line":111,"column":11}},"type":"cond-expr","locations":[{"start":{"line":92,"column":12},"end":{"line":108,"column":18}},{"start":{"line":110,"column":12},"end":{"line":110,"column":14}}],"line":91},"15":{"loc":{"start":{"line":96,"column":36},"end":{"line":96,"column":58}},"type":"cond-expr","locations":[{"start":{"line":96,"column":48},"end":{"line":96,"column":53}},{"start":{"line":96,"column":56},"end":{"line":96,"column":58}}],"line":96}},"s":{"0":0,"1":0,"2":0,"3":0,"4":0,"5":0,"6":0,"7":0,"8":0,"9":0,"10":0,"11":0,"12":0,"13":0,"14":0,"15":0,"16":0,"17":0,"18":0,"19":0,"20":0,"21":0,"22":0,"23":0,"24":0,"25":0,"26":0,"27":0,"28":0,"29":0,"30":0,"31":0,"32":0,"33":0,"34":0,"35":0,"36":0,"37":0,"38":0,"39":0},"f":{"0":0,"1":0,"2":0,"3":0,"4":0},"b":{"0":[0,0],"1":[0,0],"2":[0,0],"3":[0,0],"4":[0,0],"5":[0,0],"6":[0,0],"7":[0,0],"8":[0,0],"9":[0,0],"10":[0,0],"11":[0,0],"12":[0,0],"13":[0,0],"14":[0,0],"15":[0,0]},"hash":"a9c60527ce68db1c6f9afcb3460f64608a530000"}
,"/Users/mgad/code/Learning/GoLang/my-fullstack-trials/family/v5/frontend/src/components/MainNavBar.tsx": {"path":"/Users/mgad/code/Learning/GoLang/my-fullstack-trials/family/v5/frontend/src/components/MainNavBar.tsx","statementMap":{"0":{"start":{"line":7,"column":19},"end":{"line":90,"column":1}},"1":{"start":{"line":8,"column":30},"end":{"line":8,"column":45}},"2":{"start":{"line":10,"column":17},"end":{"line":10,"column":41}},"3":{"start":{"line":10,"column":23},"end":{"line":10,"column":41}},"4":{"start":{"line":12,"column":21},"end":{"line":15,"column":3}},"5":{"start":{"line":13,"column":4},"end":{"line":13,"column":58}},"6":{"start":{"line":13,"column":29},"end":{"line":13,"column":55}},"7":{"start":{"line":14,"column":4},"end":{"line":14,"column":32}},"8":{"start":{"line":17,"column":2},"end":{"line":89,"column":4}},"9":{"start":{"line":61,"column":37},"end":{"line":61,"column":49}}},"fnMap":{"0":{"name":"(anonymous_0)","decl":{"start":{"line":7,"column":19},"end":{"line":7,"column":20}},"loc":{"start":{"line":7,"column":25},"end":{"line":90,"column":1}},"line":7},"1":{"name":"(anonymous_1)","decl":{"start":{"line":10,"column":17},"end":{"line":10,"column":18}},"loc":{"start":{"line":10,"column":23},"end":{"line":10,"column":41}},"line":10},"2":{"name":"(anonymous_2)","decl":{"start":{"line":12,"column":21},"end":{"line":12,"column":22}},"loc":{"start":{"line":12,"column":27},"end":{"line":15,"column":3}},"line":12},"3":{"name":"(anonymous_3)","decl":{"start":{"line":13,"column":22},"end":{"line":13,"column":23}},"loc":{"start":{"line":13,"column":29},"end":{"line":13,"column":55}},"line":13},"4":{"name":"(anonymous_4)","decl":{"start":{"line":61,"column":31},"end":{"line":61,"column":32}},"loc":{"start":{"line":61,"column":37},"end":{"line":61,"column":49}},"line":61}},"branchMap":{"0":{"loc":{"start":{"line":19,"column":15},"end":{"line":19,"column":40}},"type":"cond-expr","locations":[{"start":{"line":19,"column":34},"end":{"line":19,"column":35}},{"start":{"line":19,"column":38},"end":{"line":19,"column":40}}],"line":19},"1":{"loc":{"start":{"line":48,"column":17},"end":{"line":54,"column":17}},"type":"binary-expr","locations":[{"start":{"line":48,"column":17},"end":{"line":48,"column":34}},{"start":{"line":49,"column":18},"end":{"line":53,"column":28}}],"line":48},"2":{"loc":{"start":{"line":55,"column":17},"end":{"line":66,"column":17}},"type":"binary-expr","locations":[{"start":{"line":55,"column":17},"end":{"line":55,"column":33}},{"start":{"line":56,"column":18},"end":{"line":65,"column":28}}],"line":55},"3":{"loc":{"start":{"line":67,"column":17},"end":{"line":73,"column":17}},"type":"binary-expr","locations":[{"start":{"line":67,"column":17},"end":{"line":67,"column":34}},{"start":{"line":68,"column":18},"end":{"line":72,"column":28}}],"line":67}},"s":{"0":0,"1":0,"2":0,"3":0,"4":0,"5":0,"6":0,"7":0,"8":0,"9":0},"f":{"0":0,"1":0,"2":0,"3":0,"4":0},"b":{"0":[0,0],"1":[0,0],"2":[0,0],"3":[0,0]},"hash":"3b4985172e73bd8e34ef2f09e1842243b85883dd"}
,"/Users/mgad/code/Learning/GoLang/my-fullstack-trials/family/v5/frontend/src/components/SearchStreetArt.tsx": {"path":"/Users/mgad/code/Learning/GoLang/my-fullstack-trials/family/v5/frontend/src/components/SearchStreetArt.tsx","statementMap":{"0":{"start":{"line":18,"column":57},"end":{"line":105,"column":1}},"1":{"start":{"line":19,"column":41},"end":{"line":19,"column":89}},"2":{"start":{"line":21,"column":2},"end":{"line":104,"column":4}},"3":{"start":{"line":28,"column":16},"end":{"line":83,"column":23}}},"fnMap":{"0":{"name":"(anonymous_0)","decl":{"start":{"line":18,"column":57},"end":{"line":18,"column":58}},"loc":{"start":{"line":18,"column":79},"end":{"line":105,"column":1}},"line":18},"1":{"name":"(anonymous_1)","decl":{"start":{"line":27,"column":34},"end":{"line":27,"column":35}},"loc":{"start":{"line":28,"column":16},"end":{"line":83,"column":23}},"line":28},"2":{"name":"(anonymous_2)","decl":{"start":{"line":51,"column":33},"end":{"line":51,"column":34}},"loc":{"start":{"line":51,"column":39},"end":{"line":53,"column":25}},"line":51}},"branchMap":{"0":{"loc":{"start":{"line":26,"column":13},"end":{"line":84,"column":16}},"type":"binary-expr","locations":[{"start":{"line":26,"column":13},"end":{"line":26,"column":28}},{"start":{"line":27,"column":14},"end":{"line":84,"column":16}}],"line":26},"1":{"loc":{"start":{"line":41,"column":26},"end":{"line":41,"column":88}},"type":"cond-expr","locations":[{"start":{"line":41,"column":50},"end":{"line":41,"column":71}},{"start":{"line":41,"column":74},"end":{"line":41,"column":88}}],"line":41},"2":{"loc":{"start":{"line":64,"column":25},"end":{"line":64,"column":71}},"type":"cond-expr","locations":[{"start":{"line":64,"column":42},"end":{"line":64,"column":56}},{"start":{"line":64,"column":59},"end":{"line":64,"column":71}}],"line":64}},"s":{"0":0,"1":0,"2":0,"3":0},"f":{"0":0,"1":0,"2":0},"b":{"0":[0,0],"1":[0,0],"2":[0,0]},"hash":"74c2b71aa5f54e19aeb4e6e57b0aef6e26a50004"}
,"/Users/mgad/code/Learning/GoLang/my-fullstack-trials/family/v5/frontend/src/components/Visits.tsx": {"path":"/Users/mgad/code/Learning/GoLang/my-fullstack-trials/family/v5/frontend/src/components/Visits.tsx","statementMap":{"0":{"start":{"line":12,"column":39},"end":{"line":114,"column":1}},"1":{"start":{"line":19,"column":6},"end":{"line":19,"column":43}},"2":{"start":{"line":21,"column":17},"end":{"line":21,"column":78}},"3":{"start":{"line":22,"column":20},"end":{"line":22,"column":25}},"4":{"start":{"line":24,"column":23},"end":{"line":24,"column":24}},"5":{"start":{"line":26,"column":2},"end":{"line":34,"column":3}},"6":{"start":{"line":27,"column":4},"end":{"line":27,"column":50}},"7":{"start":{"line":28,"column":4},"end":{"line":33,"column":7}},"8":{"start":{"line":29,"column":6},"end":{"line":32,"column":7}},"9":{"start":{"line":30,"column":8},"end":{"line":30,"column":27}},"10":{"start":{"line":31,"column":8},"end":{"line":31,"column":27}},"11":{"start":{"line":38,"column":2},"end":{"line":62,"column":3}},"12":{"start":{"line":39,"column":4},"end":{"line":39,"column":24}},"13":{"start":{"line":40,"column":9},"end":{"line":62,"column":3}},"14":{"start":{"line":41,"column":4},"end":{"line":45,"column":5}},"15":{"start":{"line":42,"column":6},"end":{"line":42,"column":42}},"16":{"start":{"line":44,"column":6},"end":{"line":44,"column":61}},"17":{"start":{"line":46,"column":9},"end":{"line":62,"column":3}},"18":{"start":{"line":47,"column":4},"end":{"line":51,"column":5}},"19":{"start":{"line":48,"column":6},"end":{"line":48,"column":70}},"20":{"start":{"line":50,"column":6},"end":{"line":50,"column":90}},"21":{"start":{"line":52,"column":9},"end":{"line":62,"column":3}},"22":{"start":{"line":53,"column":4},"end":{"line":59,"column":5}},"23":{"start":{"line":54,"column":6},"end":{"line":56,"column":71}},"24":{"start":{"line":58,"column":6},"end":{"line":58,"column":72}},"25":{"start":{"line":61,"column":4},"end":{"line":61,"column":69}},"26":{"start":{"line":64,"column":19},"end":{"line":73,"column":3}},"27":{"start":{"line":65,"column":15},"end":{"line":67,"column":5}},"28":{"start":{"line":69,"column":4},"end":{"line":69,"column":32}},"29":{"start":{"line":70,"column":22},"end":{"line":70,"column":72}},"30":{"start":{"line":71,"column":4},"end":{"line":71,"column":52}},"31":{"start":{"line":72,"column":4},"end":{"line":72,"column":42}},"32":{"start":{"line":75,"column":22},"end":{"line":80,"column":3}},"33":{"start":{"line":76,"column":4},"end":{"line":76,"column":35}},"34":{"start":{"line":77,"column":22},"end":{"line":77,"column":72}},"35":{"start":{"line":78,"column":4},"end":{"line":78,"column":52}},"36":{"start":{"line":79,"column":4},"end":{"line":79,"column":42}},"37":{"start":{"line":82,"column":22},"end":{"line":84,"column":3}},"38":{"start":{"line":83,"column":4},"end":{"line":83,"column":45}},"39":{"start":{"line":86,"column":2},"end":{"line":113,"column":4}}},"fnMap":{"0":{"name":"(anonymous_0)","decl":{"start":{"line":12,"column":39},"end":{"line":12,"column":40}},"loc":{"start":{"line":12,"column":60},"end":{"line":114,"column":1}},"line":12},"1":{"name":"(anonymous_1)","decl":{"start":{"line":28,"column":30},"end":{"line":28,"column":31}},"loc":{"start":{"line":28,"column":46},"end":{"line":33,"column":5}},"line":28},"2":{"name":"(anonymous_2)","decl":{"start":{"line":64,"column":19},"end":{"line":64,"column":20}},"loc":{"start":{"line":64,"column":31},"end":{"line":73,"column":3}},"line":64},"3":{"name":"(anonymous_3)","decl":{"start":{"line":75,"column":22},"end":{"line":75,"column":23}},"loc":{"start":{"line":75,"column":34},"end":{"line":80,"column":3}},"line":75},"4":{"name":"(anonymous_4)","decl":{"start":{"line":82,"column":22},"end":{"line":82,"column":23}},"loc":{"start":{"line":82,"column":34},"end":{"line":84,"column":3}},"line":82}},"branchMap":{"0":{"loc":{"start":{"line":21,"column":17},"end":{"line":21,"column":78}},"type":"cond-expr","locations":[{"start":{"line":21,"column":45},"end":{"line":21,"column":73}},{"start":{"line":21,"column":76},"end":{"line":21,"column":78}}],"line":21},"1":{"loc":{"start":{"line":26,"column":2},"end":{"line":34,"column":3}},"type":"if","locations":[{"start":{"line":26,"column":2},"end":{"line":34,"column":3}},{"start":{"line":26,"column":2},"end":{"line":34,"column":3}}],"line":26},"2":{"loc":{"start":{"line":29,"column":6},"end":{"line":32,"column":7}},"type":"if","locations":[{"start":{"line":29,"column":6},"end":{"line":32,"column":7}},{"start":{"line":29,"column":6},"end":{"line":32,"column":7}}],"line":29},"3":{"loc":{"start":{"line":29,"column":10},"end":{"line":29,"column":70}},"type":"binary-expr","locations":[{"start":{"line":29,"column":10},"end":{"line":29,"column":33}},{"start":{"line":29,"column":37},"end":{"line":29,"column":70}}],"line":29},"4":{"loc":{"start":{"line":38,"column":2},"end":{"line":62,"column":3}},"type":"if","locations":[{"start":{"line":38,"column":2},"end":{"line":62,"column":3}},{"start":{"line":38,"column":2},"end":{"line":62,"column":3}}],"line":38},"5":{"loc":{"start":{"line":40,"column":9},"end":{"line":62,"column":3}},"type":"if","locations":[{"start":{"line":40,"column":9},"end":{"line":62,"column":3}},{"start":{"line":40,"column":9},"end":{"line":62,"column":3}}],"line":40},"6":{"loc":{"start":{"line":41,"column":4},"end":{"line":45,"column":5}},"type":"if","locations":[{"start":{"line":41,"column":4},"end":{"line":45,"column":5}},{"start":{"line":41,"column":4},"end":{"line":45,"column":5}}],"line":41},"7":{"loc":{"start":{"line":46,"column":9},"end":{"line":62,"column":3}},"type":"if","locations":[{"start":{"line":46,"column":9},"end":{"line":62,"column":3}},{"start":{"line":46,"column":9},"end":{"line":62,"column":3}}],"line":46},"8":{"loc":{"start":{"line":47,"column":4},"end":{"line":51,"column":5}},"type":"if","locations":[{"start":{"line":47,"column":4},"end":{"line":51,"column":5}},{"start":{"line":47,"column":4},"end":{"line":51,"column":5}}],"line":47},"9":{"loc":{"start":{"line":52,"column":9},"end":{"line":62,"column":3}},"type":"if","locations":[{"start":{"line":52,"column":9},"end":{"line":62,"column":3}},{"start":{"line":52,"column":9},"end":{"line":62,"column":3}}],"line":52},"10":{"loc":{"start":{"line":53,"column":4},"end":{"line":59,"column":5}},"type":"if","locations":[{"start":{"line":53,"column":4},"end":{"line":59,"column":5}},{"start":{"line":53,"column":4},"end":{"line":59,"column":5}}],"line":53},"11":{"loc":{"start":{"line":56,"column":10},"end":{"line":56,"column":67}},"type":"cond-expr","locations":[{"start":{"line":56,"column":37},"end":{"line":56,"column":53}},{"start":{"line":56,"column":56},"end":{"line":56,"column":67}}],"line":56},"12":{"loc":{"start":{"line":83,"column":4},"end":{"line":83,"column":44}},"type":"cond-expr","locations":[{"start":{"line":83,"column":18},"end":{"line":83,"column":31}},{"start":{"line":83,"column":34},"end":{"line":83,"column":44}}],"line":83},"13":{"loc":{"start":{"line":90,"column":11},"end":{"line":109,"column":11}},"type":"cond-expr","locations":[{"start":{"line":91,"column":12},"end":{"line":106,"column":18}},{"start":{"line":108,"column":12},"end":{"line":108,"column":14}}],"line":90},"14":{"loc":{"start":{"line":95,"column":36},"end":{"line":95,"column":60}},"type":"cond-expr","locations":[{"start":{"line":95,"column":50},"end":{"line":95,"column":55}},{"start":{"line":95,"column":58},"end":{"line":95,"column":60}}],"line":95}},"s":{"0":0,"1":0,"2":0,"3":0,"4":0,"5":0,"6":0,"7":0,"8":0,"9":0,"10":0,"11":0,"12":0,"13":0,"14":0,"15":0,"16":0,"17":0,"18":0,"19":0,"20":0,"21":0,"22":0,"23":0,"24":0,"25":0,"26":0,"27":0,"28":0,"29":0,"30":0,"31":0,"32":0,"33":0,"34":0,"35":0,"36":0,"37":0,"38":0,"39":0},"f":{"0":0,"1":0,"2":0,"3":0,"4":0},"b":{"0":[0,0],"1":[0,0],"2":[0,0],"3":[0,0],"4":[0,0],"5":[0,0],"6":[0,0],"7":[0,0],"8":[0,0],"9":[0,0],"10":[0,0],"11":[0,0],"12":[0,0],"13":[0,0],"14":[0,0]},"hash":"5744d643c9b1bf3f42261deb95c7a9c9d160a6ed"}
,"/Users/mgad/code/Learning/GoLang/my-fullstack-trials/family/v5/frontend/src/components/comments.tsx": {"path":"/Users/mgad/code/Learning/GoLang/my-fullstack-trials/family/v5/frontend/src/components/comments.tsx","statementMap":{"0":{"start":{"line":15,"column":40},"end":{"line":188,"column":1}},"1":{"start":{"line":16,"column":47},"end":{"line":16,"column":86}},"2":{"start":{"line":17,"column":42},"end":{"line":17,"column":57}},"3":{"start":{"line":19,"column":17},"end":{"line":19,"column":78}},"4":{"start":{"line":20,"column":25},"end":{"line":20,"column":26}},"5":{"start":{"line":22,"column":22},"end":{"line":25,"column":3}},"6":{"start":{"line":23,"column":24},"end":{"line":23,"column":76}},"7":{"start":{"line":24,"column":4},"end":{"line":24,"column":43}},"8":{"start":{"line":35,"column":2},"end":{"line":44,"column":3}},"9":{"start":{"line":36,"column":4},"end":{"line":36,"column":54}},"10":{"start":{"line":87,"column":24},"end":{"line":92,"column":3}},"11":{"start":{"line":88,"column":4},"end":{"line":88,"column":39}},"12":{"start":{"line":89,"column":24},"end":{"line":89,"column":76}},"13":{"start":{"line":90,"column":4},"end":{"line":90,"column":43}},"14":{"start":{"line":98,"column":17},"end":{"line":101,"column":3}},"15":{"start":{"line":99,"column":4},"end":{"line":99,"column":23}},"16":{"start":{"line":100,"column":4},"end":{"line":100,"column":27}},"17":{"start":{"line":103,"column":2},"end":{"line":187,"column":4}},"18":{"start":{"line":105,"column":31},"end":{"line":105,"column":52}},"19":{"start":{"line":124,"column":16},"end":{"line":162,"column":22}},"20":{"start":{"line":149,"column":43},"end":{"line":149,"column":68}}},"fnMap":{"0":{"name":"(anonymous_0)","decl":{"start":{"line":15,"column":40},"end":{"line":15,"column":41}},"loc":{"start":{"line":15,"column":61},"end":{"line":188,"column":1}},"line":15},"1":{"name":"(anonymous_1)","decl":{"start":{"line":22,"column":22},"end":{"line":22,"column":23}},"loc":{"start":{"line":22,"column":34},"end":{"line":25,"column":3}},"line":22},"2":{"name":"(anonymous_2)","decl":{"start":{"line":87,"column":24},"end":{"line":87,"column":25}},"loc":{"start":{"line":87,"column":53},"end":{"line":92,"column":3}},"line":87},"3":{"name":"(anonymous_3)","decl":{"start":{"line":98,"column":17},"end":{"line":98,"column":18}},"loc":{"start":{"line":98,"column":29},"end":{"line":101,"column":3}},"line":98},"4":{"name":"(anonymous_4)","decl":{"start":{"line":105,"column":25},"end":{"line":105,"column":26}},"loc":{"start":{"line":105,"column":31},"end":{"line":105,"column":52}},"line":105},"5":{"name":"(anonymous_5)","decl":{"start":{"line":122,"column":27},"end":{"line":122,"column":28}},"loc":{"start":{"line":124,"column":16},"end":{"line":162,"column":22}},"line":124},"6":{"name":"(anonymous_6)","decl":{"start":{"line":149,"column":37},"end":{"line":149,"column":38}},"loc":{"start":{"line":149,"column":43},"end":{"line":149,"column":68}},"line":149}},"branchMap":{"0":{"loc":{"start":{"line":19,"column":17},"end":{"line":19,"column":78}},"type":"cond-expr","locations":[{"start":{"line":19,"column":45},"end":{"line":19,"column":73}},{"start":{"line":19,"column":76},"end":{"line":19,"column":78}}],"line":19},"1":{"loc":{"start":{"line":35,"column":2},"end":{"line":44,"column":3}},"type":"if","locations":[{"start":{"line":35,"column":2},"end":{"line":44,"column":3}},{"start":{"line":35,"column":2},"end":{"line":44,"column":3}}],"line":35},"2":{"loc":{"start":{"line":36,"column":23},"end":{"line":36,"column":53}},"type":"cond-expr","locations":[{"start":{"line":36,"column":34},"end":{"line":36,"column":49}},{"start":{"line":36,"column":52},"end":{"line":36,"column":53}}],"line":36},"3":{"loc":{"start":{"line":121,"column":13},"end":{"line":163,"column":16}},"type":"binary-expr","locations":[{"start":{"line":121,"column":13},"end":{"line":121,"column":21}},{"start":{"line":122,"column":14},"end":{"line":163,"column":16}}],"line":121},"4":{"loc":{"start":{"line":132,"column":28},"end":{"line":134,"column":39}},"type":"cond-expr","locations":[{"start":{"line":133,"column":32},"end":{"line":133,"column":57}},{"start":{"line":134,"column":32},"end":{"line":134,"column":39}}],"line":132},"5":{"loc":{"start":{"line":147,"column":25},"end":{"line":152,"column":25}},"type":"binary-expr","locations":[{"start":{"line":147,"column":25},"end":{"line":147,"column":52}},{"start":{"line":148,"column":26},"end":{"line":151,"column":28}}],"line":147}},"s":{"0":0,"1":0,"2":0,"3":0,"4":0,"5":0,"6":0,"7":0,"8":0,"9":0,"10":0,"11":0,"12":0,"13":0,"14":0,"15":0,"16":0,"17":0,"18":0,"19":0,"20":0},"f":{"0":0,"1":0,"2":0,"3":0,"4":0,"5":0,"6":0},"b":{"0":[0,0],"1":[0,0],"2":[0,0],"3":[0,0],"4":[0,0],"5":[0,0]},"hash":"b08860efd87b5be00da3836da03e25b92126ff72"}
,"/Users/mgad/code/Learning/GoLang/my-fullstack-trials/family/v5/frontend/src/components/pages/AllStreetArt.tsx": {"path":"/Users/mgad/code/Learning/GoLang/my-fullstack-trials/family/v5/frontend/src/components/pages/AllStreetArt.tsx","statementMap":{"0":{"start":{"line":28,"column":48},"end":{"line":138,"column":1}},"1":{"start":{"line":29,"column":30},"end":{"line":29,"column":45}},"2":{"start":{"line":30,"column":42},"end":{"line":30,"column":54}},"3":{"start":{"line":31,"column":38},"end":{"line":31,"column":50}},"4":{"start":{"line":32,"column":25},"end":{"line":32,"column":42}},"5":{"start":{"line":34,"column":17},"end":{"line":34,"column":78}},"6":{"start":{"line":36,"column":2},"end":{"line":137,"column":4}},"7":{"start":{"line":47,"column":18},"end":{"line":49,"column":24}},"8":{"start":{"line":56,"column":18},"end":{"line":56,"column":30}},"9":{"start":{"line":57,"column":18},"end":{"line":57,"column":50}},"10":{"start":{"line":64,"column":20},"end":{"line":114,"column":27}}},"fnMap":{"0":{"name":"(anonymous_0)","decl":{"start":{"line":28,"column":48},"end":{"line":28,"column":49}},"loc":{"start":{"line":28,"column":54},"end":{"line":138,"column":1}},"line":28},"1":{"name":"(anonymous_1)","decl":{"start":{"line":46,"column":27},"end":{"line":46,"column":28}},"loc":{"start":{"line":47,"column":18},"end":{"line":49,"column":24}},"line":47},"2":{"name":"(anonymous_2)","decl":{"start":{"line":55,"column":26},"end":{"line":55,"column":27}},"loc":{"start":{"line":55,"column":33},"end":{"line":58,"column":17}},"line":55},"3":{"name":"(anonymous_3)","decl":{"start":{"line":63,"column":33},"end":{"line":63,"column":34}},"loc":{"start":{"line":64,"column":20},"end":{"line":114,"column":27}},"line":64}},"branchMap":{"0":{"loc":{"start":{"line":34,"column":17},"end":{"line":34,"column":78}},"type":"cond-expr","locations":[{"start":{"line":34,"column":45},"end":{"line":34,"column":73}},{"start":{"line":34,"column":76},"end":{"line":34,"column":78}}],"line":34},"1":{"loc":{"start":{"line":38,"column":7},"end":{"line":38,"column":66}},"type":"binary-expr","locations":[{"start":{"line":38,"column":7},"end":{"line":38,"column":17}},{"start":{"line":38,"column":21},"end":{"line":38,"column":66}}],"line":38},"2":{"loc":{"start":{"line":40,"column":7},"end":{"line":135,"column":7}},"type":"binary-expr","locations":[{"start":{"line":40,"column":7},"end":{"line":40,"column":18}},{"start":{"line":41,"column":8},"end":{"line":134,"column":14}}],"line":40},"3":{"loc":{"start":{"line":47,"column":18},"end":{"line":49,"column":24}},"type":"cond-expr","locations":[{"start":{"line":48,"column":23},"end":{"line":48,"column":71}},{"start":{"line":49,"column":22},"end":{"line":49,"column":24}}],"line":47},"4":{"loc":{"start":{"line":62,"column":17},"end":{"line":115,"column":20}},"type":"binary-expr","locations":[{"start":{"line":62,"column":17},"end":{"line":62,"column":27}},{"start":{"line":63,"column":18},"end":{"line":115,"column":20}}],"line":62},"5":{"loc":{"start":{"line":73,"column":33},"end":{"line":73,"column":79}},"type":"cond-expr","locations":[{"start":{"line":73,"column":49},"end":{"line":73,"column":62}},{"start":{"line":73,"column":65},"end":{"line":73,"column":79}}],"line":73},"6":{"loc":{"start":{"line":85,"column":27},"end":{"line":87,"column":27}},"type":"binary-expr","locations":[{"start":{"line":85,"column":27},"end":{"line":85,"column":50}},{"start":{"line":86,"column":28},"end":{"line":86,"column":89}}],"line":85},"7":{"loc":{"start":{"line":93,"column":29},"end":{"line":93,"column":75}},"type":"cond-expr","locations":[{"start":{"line":93,"column":46},"end":{"line":93,"column":60}},{"start":{"line":93,"column":63},"end":{"line":93,"column":75}}],"line":93}},"s":{"0":0,"1":0,"2":0,"3":0,"4":0,"5":0,"6":0,"7":0,"8":0,"9":0,"10":0},"f":{"0":0,"1":0,"2":0,"3":0},"b":{"0":[0,0],"1":[0,0],"2":[0,0],"3":[0,0],"4":[0,0],"5":[0,0],"6":[0,0],"7":[0,0]},"hash":"552a802e6d7cd9db021588de384b5a1fbb5d0357"}
,"/Users/mgad/code/Learning/GoLang/my-fullstack-trials/family/v5/frontend/src/components/pages/Home.tsx": {"path":"/Users/mgad/code/Learning/GoLang/my-fullstack-trials/family/v5/frontend/src/components/pages/Home.tsx","statementMap":{"0":{"start":{"line":10,"column":36},"end":{"line":75,"column":1}},"1":{"start":{"line":11,"column":2},"end":{"line":74,"column":4}}},"fnMap":{"0":{"name":"(anonymous_0)","decl":{"start":{"line":10,"column":36},"end":{"line":10,"column":37}},"loc":{"start":{"line":10,"column":42},"end":{"line":75,"column":1}},"line":10}},"branchMap":{},"s":{"0":0,"1":0},"f":{"0":0},"b":{},"hash":"7f091d8430168fe2fe00a56e8e822766017312c8"}
,"/Users/mgad/code/Learning/GoLang/my-fullstack-trials/family/v5/frontend/src/components/pages/Login.tsx": {"path":"/Users/mgad/code/Learning/GoLang/my-fullstack-trials/family/v5/frontend/src/components/pages/Login.tsx","statementMap":{"0":{"start":{"line":8,"column":37},"end":{"line":52,"column":1}},"1":{"start":{"line":9,"column":45},"end":{"line":9,"column":54}},"2":{"start":{"line":11,"column":19},"end":{"line":13,"column":3}},"3":{"start":{"line":12,"column":4},"end":{"line":12,"column":61}},"4":{"start":{"line":12,"column":32},"end":{"line":12,"column":58}},"5":{"start":{"line":15,"column":2},"end":{"line":51,"column":4}}},"fnMap":{"0":{"name":"(anonymous_0)","decl":{"start":{"line":8,"column":37},"end":{"line":8,"column":38}},"loc":{"start":{"line":8,"column":43},"end":{"line":52,"column":1}},"line":8},"1":{"name":"(anonymous_1)","decl":{"start":{"line":11,"column":19},"end":{"line":11,"column":20}},"loc":{"start":{"line":11,"column":34},"end":{"line":13,"column":3}},"line":11},"2":{"name":"(anonymous_2)","decl":{"start":{"line":12,"column":25},"end":{"line":12,"column":26}},"loc":{"start":{"line":12,"column":32},"end":{"line":12,"column":58}},"line":12}},"branchMap":{},"s":{"0":0,"1":0,"2":0,"3":0,"4":0,"5":0},"f":{"0":0,"1":0,"2":0},"b":{},"hash":"50c41dad39fd279182db7005249532a464519533"}
,"/Users/mgad/code/Learning/GoLang/my-fullstack-trials/family/v5/frontend/src/components/pages/MyUploads.tsx": {"path":"/Users/mgad/code/Learning/GoLang/my-fullstack-trials/family/v5/frontend/src/components/pages/MyUploads.tsx","statementMap":{"0":{"start":{"line":21,"column":45},"end":{"line":87,"column":1}},"1":{"start":{"line":22,"column":42},"end":{"line":22,"column":57}},"2":{"start":{"line":23,"column":24},"end":{"line":23,"column":45}},"3":{"start":{"line":25,"column":2},"end":{"line":25,"column":25}},"4":{"start":{"line":27,"column":2},"end":{"line":86,"column":4}},"5":{"start":{"line":30,"column":57},"end":{"line":30,"column":78}},"6":{"start":{"line":42,"column":14},"end":{"line":66,"column":21}}},"fnMap":{"0":{"name":"(anonymous_0)","decl":{"start":{"line":21,"column":45},"end":{"line":21,"column":46}},"loc":{"start":{"line":21,"column":51},"end":{"line":87,"column":1}},"line":21},"1":{"name":"(anonymous_1)","decl":{"start":{"line":30,"column":51},"end":{"line":30,"column":52}},"loc":{"start":{"line":30,"column":57},"end":{"line":30,"column":78}},"line":30},"2":{"name":"(anonymous_2)","decl":{"start":{"line":41,"column":26},"end":{"line":41,"column":27}},"loc":{"start":{"line":42,"column":14},"end":{"line":66,"column":21}},"line":42}},"branchMap":{"0":{"loc":{"start":{"line":40,"column":11},"end":{"line":67,"column":14}},"type":"binary-expr","locations":[{"start":{"line":40,"column":11},"end":{"line":40,"column":20}},{"start":{"line":41,"column":12},"end":{"line":67,"column":14}}],"line":40},"1":{"loc":{"start":{"line":46,"column":23},"end":{"line":46,"column":59}},"type":"cond-expr","locations":[{"start":{"line":46,"column":40},"end":{"line":46,"column":54}},{"start":{"line":46,"column":57},"end":{"line":46,"column":59}}],"line":46}},"s":{"0":0,"1":0,"2":0,"3":0,"4":0,"5":0,"6":0},"f":{"0":0,"1":0,"2":0},"b":{"0":[0,0],"1":[0,0]},"hash":"a6b74bf380c89f6dcd50a58bef3cb4829b08f0c5"}
,"/Users/mgad/code/Learning/GoLang/my-fullstack-trials/family/v5/frontend/src/components/pages/Signup.tsx": {"path":"/Users/mgad/code/Learning/GoLang/my-fullstack-trials/family/v5/frontend/src/components/pages/Signup.tsx","statementMap":{"0":{"start":{"line":8,"column":39},"end":{"line":105,"column":1}},"1":{"start":{"line":9,"column":26},"end":{"line":9,"column":43}},"2":{"start":{"line":10,"column":42},"end":{"line":10,"column":59}},"3":{"start":{"line":11,"column":45},"end":{"line":11,"column":54}},"4":{"start":{"line":13,"column":19},"end":{"line":21,"column":3}},"5":{"start":{"line":14,"column":4},"end":{"line":18,"column":7}},"6":{"start":{"line":15,"column":6},"end":{"line":17,"column":7}},"7":{"start":{"line":16,"column":8},"end":{"line":16,"column":38}},"8":{"start":{"line":20,"column":4},"end":{"line":20,"column":31}},"9":{"start":{"line":23,"column":28},"end":{"line":33,"column":3}},"10":{"start":{"line":24,"column":4},"end":{"line":24,"column":23}},"11":{"start":{"line":25,"column":17},"end":{"line":25,"column":33}},"12":{"start":{"line":26,"column":18},"end":{"line":26,"column":35}},"13":{"start":{"line":28,"column":4},"end":{"line":31,"column":6}},"14":{"start":{"line":29,"column":6},"end":{"line":29,"column":23}},"15":{"start":{"line":30,"column":6},"end":{"line":30,"column":37}},"16":{"start":{"line":32,"column":4},"end":{"line":32,"column":34}},"17":{"start":{"line":35,"column":27},"end":{"line":40,"column":3}},"18":{"start":{"line":37,"column":21},"end":{"line":37,"column":35}},"19":{"start":{"line":38,"column":4},"end":{"line":38,"column":34}},"20":{"start":{"line":39,"column":4},"end":{"line":39,"column":38}},"21":{"start":{"line":42,"column":2},"end":{"line":104,"column":4}},"22":{"start":{"line":88,"column":31},"end":{"line":88,"column":51}}},"fnMap":{"0":{"name":"(anonymous_0)","decl":{"start":{"line":8,"column":39},"end":{"line":8,"column":40}},"loc":{"start":{"line":8,"column":45},"end":{"line":105,"column":1}},"line":8},"1":{"name":"(anonymous_1)","decl":{"start":{"line":13,"column":19},"end":{"line":13,"column":20}},"loc":{"start":{"line":13,"column":40},"end":{"line":21,"column":3}},"line":13},"2":{"name":"(anonymous_2)","decl":{"start":{"line":14,"column":32},"end":{"line":14,"column":33}},"loc":{"start":{"line":14,"column":41},"end":{"line":18,"column":5}},"line":14},"3":{"name":"(anonymous_3)","decl":{"start":{"line":23,"column":28},"end":{"line":23,"column":29}},"loc":{"start":{"line":23,"column":40},"end":{"line":33,"column":3}},"line":23},"4":{"name":"(anonymous_4)","decl":{"start":{"line":28,"column":23},"end":{"line":28,"column":24}},"loc":{"start":{"line":28,"column":29},"end":{"line":31,"column":5}},"line":28},"5":{"name":"(anonymous_5)","decl":{"start":{"line":35,"column":27},"end":{"line":35,"column":28}},"loc":{"start":{"line":35,"column":43},"end":{"line":40,"column":3}},"line":35},"6":{"name":"(anonymous_6)","decl":{"start":{"line":88,"column":24},"end":{"line":88,"column":25}},"loc":{"start":{"line":88,"column":31},"end":{"line":88,"column":51}},"line":88}},"branchMap":{"0":{"loc":{"start":{"line":15,"column":6},"end":{"line":17,"column":7}},"type":"if","locations":[{"start":{"line":15,"column":6},"end":{"line":17,"column":7}},{"start":{"line":15,"column":6},"end":{"line":17,"column":7}}],"line":15},"1":{"loc":{"start":{"line":74,"column":13},"end":{"line":74,"column":49}},"type":"binary-expr","locations":[{"start":{"line":74,"column":13},"end":{"line":74,"column":25}},{"start":{"line":74,"column":29},"end":{"line":74,"column":49}}],"line":74}},"s":{"0":1,"1":3,"2":3,"3":3,"4":3,"5":0,"6":0,"7":0,"8":0,"9":3,"10":0,"11":0,"12":0,"13":0,"14":0,"15":0,"16":0,"17":3,"18":0,"19":0,"20":0,"21":3,"22":0},"f":{"0":3,"1":0,"2":0,"3":0,"4":0,"5":0,"6":0},"b":{"0":[0,0],"1":[0,0]},"_coverageSchema":"43e27e138ebf9cfc5966b082cf9a028302ed4184","hash":"4ba4c5b9bd4638f2bd7c4f7c737706e7b84bdde8"}
,"/Users/mgad/code/Learning/GoLang/my-fullstack-trials/family/v5/frontend/src/components/pages/User.tsx": {"path":"/Users/mgad/code/Learning/GoLang/my-fullstack-trials/family/v5/frontend/src/components/pages/User.tsx","statementMap":{"0":{"start":{"line":10,"column":35},"end":{"line":51,"column":1}},"1":{"start":{"line":11,"column":30},"end":{"line":11,"column":46}},"2":{"start":{"line":13,"column":2},"end":{"line":15,"column":3}},"3":{"start":{"line":14,"column":4},"end":{"line":14,"column":32}},"4":{"start":{"line":17,"column":2},"end":{"line":50,"column":4}}},"fnMap":{"0":{"name":"(anonymous_0)","decl":{"start":{"line":10,"column":35},"end":{"line":10,"column":36}},"loc":{"start":{"line":10,"column":41},"end":{"line":51,"column":1}},"line":10}},"branchMap":{"0":{"loc":{"start":{"line":13,"column":2},"end":{"line":15,"column":3}},"type":"if","locations":[{"start":{"line":13,"column":2},"end":{"line":15,"column":3}},{"start":{"line":13,"column":2},"end":{"line":15,"column":3}}],"line":13},"1":{"loc":{"start":{"line":21,"column":13},"end":{"line":21,"column":56}},"type":"cond-expr","locations":[{"start":{"line":21,"column":31},"end":{"line":21,"column":46}},{"start":{"line":21,"column":49},"end":{"line":21,"column":56}}],"line":21},"2":{"loc":{"start":{"line":41,"column":14},"end":{"line":41,"column":82}},"type":"binary-expr","locations":[{"start":{"line":41,"column":14},"end":{"line":41,"column":54}},{"start":{"line":41,"column":58},"end":{"line":41,"column":82}}],"line":41}},"s":{"0":0,"1":0,"2":0,"3":0,"4":0},"f":{"0":0},"b":{"0":[0,0],"1":[0,0],"2":[0,0]},"hash":"647071c1ba9718d4902d9340e53cf9acc7c5fd99"}
,"/Users/mgad/code/Learning/GoLang/my-fullstack-trials/family/v5/frontend/src/components/pages/Users.tsx": {"path":"/Users/mgad/code/Learning/GoLang/my-fullstack-trials/family/v5/frontend/src/components/pages/Users.tsx","statementMap":{"0":{"start":{"line":10,"column":37},"end":{"line":89,"column":1}},"1":{"start":{"line":11,"column":31},"end":{"line":11,"column":41}},"2":{"start":{"line":12,"column":18},"end":{"line":12,"column":30}},"3":{"start":{"line":14,"column":2},"end":{"line":16,"column":3}},"4":{"start":{"line":15,"column":4},"end":{"line":15,"column":23}},"5":{"start":{"line":18,"column":21},"end":{"line":20,"column":3}},"6":{"start":{"line":19,"column":4},"end":{"line":19,"column":38}},"7":{"start":{"line":21,"column":2},"end":{"line":88,"column":4}},"8":{"start":{"line":26,"column":12},"end":{"line":69,"column":18}},"9":{"start":{"line":28,"column":31},"end":{"line":28,"column":50}}},"fnMap":{"0":{"name":"(anonymous_0)","decl":{"start":{"line":10,"column":37},"end":{"line":10,"column":38}},"loc":{"start":{"line":10,"column":43},"end":{"line":89,"column":1}},"line":10},"1":{"name":"(anonymous_1)","decl":{"start":{"line":18,"column":21},"end":{"line":18,"column":22}},"loc":{"start":{"line":18,"column":37},"end":{"line":20,"column":3}},"line":18},"2":{"name":"(anonymous_2)","decl":{"start":{"line":25,"column":20},"end":{"line":25,"column":21}},"loc":{"start":{"line":26,"column":12},"end":{"line":69,"column":18}},"line":26},"3":{"name":"(anonymous_3)","decl":{"start":{"line":28,"column":25},"end":{"line":28,"column":26}},"loc":{"start":{"line":28,"column":31},"end":{"line":28,"column":50}},"line":28}},"branchMap":{"0":{"loc":{"start":{"line":14,"column":2},"end":{"line":16,"column":3}},"type":"if","locations":[{"start":{"line":14,"column":2},"end":{"line":16,"column":3}},{"start":{"line":14,"column":2},"end":{"line":16,"column":3}}],"line":14},"1":{"loc":{"start":{"line":24,"column":9},"end":{"line":70,"column":12}},"type":"binary-expr","locations":[{"start":{"line":24,"column":9},"end":{"line":24,"column":14}},{"start":{"line":25,"column":10},"end":{"line":70,"column":12}}],"line":24},"2":{"loc":{"start":{"line":37,"column":31},"end":{"line":37,"column":74}},"type":"cond-expr","locations":[{"start":{"line":37,"column":49},"end":{"line":37,"column":64}},{"start":{"line":37,"column":67},"end":{"line":37,"column":74}}],"line":37}},"s":{"0":0,"1":0,"2":0,"3":0,"4":0,"5":0,"6":0,"7":0,"8":0,"9":0},"f":{"0":0,"1":0,"2":0,"3":0},"b":{"0":[0,0],"1":[0,0],"2":[0,0]},"hash":"a2effa85f944ac8d765bf99093b08a8996bd5a2c"}
}
